#! /usr/local/bin/vvp
:ivl_version "11.0 (stable)" "(v11_0-132-gb2f2414f4)";
:ivl_delay_selection "TYPICAL";
:vpi_time_precision - 12;
:vpi_module "/usr/local/lib/ivl/system.vpi";
:vpi_module "/usr/local/lib/ivl/vhdl_sys.vpi";
:vpi_module "/usr/local/lib/ivl/vhdl_textio.vpi";
:vpi_module "/usr/local/lib/ivl/v2005_math.vpi";
:vpi_module "/usr/local/lib/ivl/va_math.vpi";
:vpi_module "/usr/local/lib/ivl/v2009.vpi";
S_0x5594fa4b5fb0 .scope package, "$unit" "$unit" 2 1;
 .timescale 0 0;
S_0x5594fa48ade0 .scope module, "arrow_tb" "arrow_tb" 3 3;
 .timescale -9 -12;
v0x5594fa4e85e0_0 .var "clk", 0 0;
v0x5594fa4e86a0_0 .var "direction_in", 1 0;
v0x5594fa4e8770_0 .var "hcount_in", 10 0;
v0x5594fa4e8870_0 .var "inversed_in", 0 0;
v0x5594fa4e8940_0 .net "pixel_out", 11 0, v0x5594fa4e7da0_0;  1 drivers
v0x5594fa4e89e0_0 .var "rst", 0 0;
v0x5594fa4e8ab0_0 .var "speed_in", 2 0;
v0x5594fa4e8b80_0 .var "valid_in", 0 0;
v0x5594fa4e8c50_0 .net "valid_out", 0 0, v0x5594fa4e80e0_0;  1 drivers
v0x5594fa4e8db0_0 .var "vcount_in", 9 0;
S_0x5594fa48af70 .scope begin, "$ivl_for_loop0" "$ivl_for_loop0" 3 43, 3 43 0, S_0x5594fa48ade0;
 .timescale -9 -12;
v0x5594fa4c83b0_0 .var/2s "i", 31 0;
S_0x5594fa4e7530 .scope module, "uut" "arrow" 3 17, 4 4 0, S_0x5594fa48ade0;
 .timescale -9 -12;
    .port_info 0 /INPUT 1 "clk";
    .port_info 1 /INPUT 1 "rst";
    .port_info 2 /INPUT 11 "hcount_in";
    .port_info 3 /INPUT 10 "vcount_in";
    .port_info 4 /INPUT 1 "valid_in";
    .port_info 5 /INPUT 3 "speed_in";
    .port_info 6 /INPUT 2 "direction_in";
    .port_info 7 /INPUT 1 "inversed_in";
    .port_info 8 /OUTPUT 12 "pixel_out";
    .port_info 9 /OUTPUT 1 "valid_out";
P_0x5594fa4b5b30 .param/l "HEIGHT" 0 4 4, +C4<00000000000000000000000000100000>;
P_0x5594fa4b5b70 .param/l "WIDTH" 0 4 4, +C4<00000000000000000000000000001000>;
v0x5594fa4e7920_0 .net "clk", 0 0, v0x5594fa4e85e0_0;  1 drivers
v0x5594fa4e7a00_0 .net "direction_in", 1 0, v0x5594fa4e86a0_0;  1 drivers
v0x5594fa4e7ae0_0 .net "hcount_in", 10 0, v0x5594fa4e8770_0;  1 drivers
v0x5594fa4e7bd0_0 .net "inversed_in", 0 0, v0x5594fa4e8870_0;  1 drivers
v0x5594fa4e7c90_0 .var "old_valid_in", 0 0;
v0x5594fa4e7da0_0 .var "pixel_out", 11 0;
v0x5594fa4e7e80_0 .net "rst", 0 0, v0x5594fa4e89e0_0;  1 drivers
v0x5594fa4e7f40_0 .net "speed_in", 2 0, v0x5594fa4e8ab0_0;  1 drivers
v0x5594fa4e8020_0 .net "valid_in", 0 0, v0x5594fa4e8b80_0;  1 drivers
v0x5594fa4e80e0_0 .var "valid_out", 0 0;
v0x5594fa4e81a0_0 .net "vcount_in", 9 0, v0x5594fa4e8db0_0;  1 drivers
v0x5594fa4e8280_0 .var "x", 10 0;
v0x5594fa4e8360_0 .var "y", 9 0;
E_0x5594fa4cb810 .event posedge, v0x5594fa4e7920_0;
    .scope S_0x5594fa4e7530;
T_0 ;
    %wait E_0x5594fa4cb810;
    %load/vec4 v0x5594fa4e7e80_0;
    %flag_set/vec4 8;
    %jmp/0xz  T_0.0, 8;
    %pushi/vec4 0, 0, 12;
    %assign/vec4 v0x5594fa4e7da0_0, 0;
    %pushi/vec4 0, 0, 1;
    %assign/vec4 v0x5594fa4e80e0_0, 0;
    %jmp T_0.1;
T_0.0 ;
    %load/vec4 v0x5594fa4e7c90_0;
    %inv;
    %flag_set/vec4 9;
    %flag_get/vec4 9;
    %jmp/0 T_0.4, 9;
    %load/vec4 v0x5594fa4e8020_0;
    %and;
T_0.4;
    %flag_set/vec4 8;
    %jmp/0xz  T_0.2, 8;
    %load/vec4 v0x5594fa4e7a00_0;
    %dup/vec4;
    %pushi/vec4 0, 0, 2;
    %cmp/u;
    %jmp/1 T_0.5, 6;
    %dup/vec4;
    %pushi/vec4 1, 0, 2;
    %cmp/u;
    %jmp/1 T_0.6, 6;
    %dup/vec4;
    %pushi/vec4 2, 0, 2;
    %cmp/u;
    %jmp/1 T_0.7, 6;
    %dup/vec4;
    %pushi/vec4 3, 0, 2;
    %cmp/u;
    %jmp/1 T_0.8, 6;
    %jmp T_0.9;
T_0.5 ;
    %pushi/vec4 512, 0, 11;
    %assign/vec4 v0x5594fa4e8280_0, 0;
    %pushi/vec4 0, 0, 10;
    %assign/vec4 v0x5594fa4e8360_0, 0;
    %jmp T_0.9;
T_0.6 ;
    %pushi/vec4 512, 0, 11;
    %assign/vec4 v0x5594fa4e8280_0, 0;
    %pushi/vec4 720, 0, 10;
    %assign/vec4 v0x5594fa4e8360_0, 0;
    %jmp T_0.9;
T_0.7 ;
    %pushi/vec4 0, 0, 11;
    %assign/vec4 v0x5594fa4e8280_0, 0;
    %pushi/vec4 384, 0, 10;
    %assign/vec4 v0x5594fa4e8360_0, 0;
    %jmp T_0.9;
T_0.8 ;
    %pushi/vec4 512, 0, 11;
    %assign/vec4 v0x5594fa4e8280_0, 0;
    %pushi/vec4 0, 0, 10;
    %assign/vec4 v0x5594fa4e8360_0, 0;
    %jmp T_0.9;
T_0.9 ;
    %pop/vec4 1;
    %jmp T_0.3;
T_0.2 ;
    %load/vec4 v0x5594fa4e7c90_0;
    %flag_set/vec4 9;
    %flag_get/vec4 9;
    %jmp/0 T_0.12, 9;
    %load/vec4 v0x5594fa4e8020_0;
    %and;
T_0.12;
    %flag_set/vec4 8;
    %jmp/0xz  T_0.10, 8;
    %load/vec4 v0x5594fa4e7ae0_0;
    %pad/u 32;
    %cmpi/e 0, 0, 32;
    %flag_get/vec4 4;
    %jmp/0 T_0.15, 4;
    %load/vec4 v0x5594fa4e81a0_0;
    %pad/u 32;
    %pushi/vec4 0, 0, 32;
    %cmp/e;
    %flag_get/vec4 4;
    %and;
T_0.15;
    %flag_set/vec4 8;
    %jmp/0xz  T_0.13, 8;
    %load/vec4 v0x5594fa4e7a00_0;
    %dup/vec4;
    %pushi/vec4 0, 0, 2;
    %cmp/u;
    %jmp/1 T_0.16, 6;
    %dup/vec4;
    %pushi/vec4 1, 0, 2;
    %cmp/u;
    %jmp/1 T_0.17, 6;
    %dup/vec4;
    %pushi/vec4 2, 0, 2;
    %cmp/u;
    %jmp/1 T_0.18, 6;
    %dup/vec4;
    %pushi/vec4 3, 0, 2;
    %cmp/u;
    %jmp/1 T_0.19, 6;
    %jmp T_0.20;
T_0.16 ;
    %load/vec4 v0x5594fa4e8360_0;
    %addi 4, 0, 10;
    %assign/vec4 v0x5594fa4e8360_0, 0;
    %jmp T_0.20;
T_0.17 ;
    %load/vec4 v0x5594fa4e8360_0;
    %subi 4, 0, 10;
    %assign/vec4 v0x5594fa4e8360_0, 0;
    %jmp T_0.20;
T_0.18 ;
    %load/vec4 v0x5594fa4e8280_0;
    %addi 4, 0, 11;
    %assign/vec4 v0x5594fa4e8280_0, 0;
    %jmp T_0.20;
T_0.19 ;
    %load/vec4 v0x5594fa4e8360_0;
    %addi 4, 0, 10;
    %assign/vec4 v0x5594fa4e8360_0, 0;
    %jmp T_0.20;
T_0.20 ;
    %pop/vec4 1;
T_0.13 ;
T_0.10 ;
T_0.3 ;
T_0.1 ;
    %load/vec4 v0x5594fa4e8280_0;
    %load/vec4 v0x5594fa4e7ae0_0;
    %cmp/u;
    %flag_or 5, 4;
    %flag_get/vec4 5;
    %jmp/0 T_0.23, 5;
    %load/vec4 v0x5594fa4e7ae0_0;
    %pad/u 32;
    %load/vec4 v0x5594fa4e8280_0;
    %pad/u 32;
    %addi 8, 0, 32;
    %cmp/u;
    %flag_get/vec4 4;
    %flag_get/vec4 5;
    %or;
    %and;
T_0.23;
    %flag_set/vec4 9;
    %flag_get/vec4 9;
    %jmp/0 T_0.22, 9;
    %load/vec4 v0x5594fa4e8360_0;
    %load/vec4 v0x5594fa4e81a0_0;
    %cmp/u;
    %flag_get/vec4 4;
    %flag_get/vec4 5;
    %or;
    %and;
T_0.22;
    %flag_set/vec4 8;
    %flag_get/vec4 8;
    %jmp/0 T_0.21, 8;
    %load/vec4 v0x5594fa4e81a0_0;
    %pad/u 32;
    %load/vec4 v0x5594fa4e8360_0;
    %pad/u 32;
    %addi 32, 0, 32;
    %cmp/u;
    %flag_get/vec4 4;
    %flag_get/vec4 5;
    %or;
    %and;
T_0.21;
    %store/vec4 v0x5594fa4e80e0_0, 0, 1;
    %load/vec4 v0x5594fa4e80e0_0;
    %flag_set/vec4 8;
    %jmp/0 T_0.24, 8;
    %pushi/vec4 3840, 0, 12;
    %jmp/1 T_0.25, 8;
T_0.24 ; End of true expr.
    %pushi/vec4 0, 0, 12;
    %jmp/0 T_0.25, 8;
 ; End of false expr.
    %blend;
T_0.25;
    %store/vec4 v0x5594fa4e7da0_0, 0, 12;
    %load/vec4 v0x5594fa4e8020_0;
    %assign/vec4 v0x5594fa4e7c90_0, 0;
    %jmp T_0;
    .thread T_0;
    .scope S_0x5594fa48ade0;
T_1 ;
    %delay 10000, 0;
    %load/vec4 v0x5594fa4e85e0_0;
    %nor/r;
    %store/vec4 v0x5594fa4e85e0_0, 0, 1;
    %jmp T_1;
    .thread T_1;
    .scope S_0x5594fa48ade0;
T_2 ;
    %vpi_call/w 3 36 "$display", "Starting Sim" {0 0 0};
    %vpi_call/w 3 37 "$dumpfile", "arrow.vcd" {0 0 0};
    %vpi_call/w 3 38 "$dumpvars", 32'sb00000000000000000000000000000000, S_0x5594fa48ade0 {0 0 0};
    %pushi/vec4 1, 0, 1;
    %store/vec4 v0x5594fa4e89e0_0, 0, 1;
    %pushi/vec4 0, 0, 1;
    %store/vec4 v0x5594fa4e85e0_0, 0, 1;
    %delay 20000, 0;
    %pushi/vec4 0, 0, 1;
    %store/vec4 v0x5594fa4e89e0_0, 0, 1;
    %fork t_1, S_0x5594fa48af70;
    %jmp t_0;
    .scope S_0x5594fa48af70;
t_1 ;
    %pushi/vec4 0, 0, 32;
    %store/vec4 v0x5594fa4c83b0_0, 0, 32;
T_2.0 ;
    %load/vec4 v0x5594fa4c83b0_0;
    %cmpi/s 30, 0, 32;
    %jmp/0xz T_2.1, 5;
    %pushi/vec4 0, 0, 11;
    %store/vec4 v0x5594fa4e8770_0, 0, 11;
    %pushi/vec4 0, 0, 10;
    %store/vec4 v0x5594fa4e8db0_0, 0, 10;
    %pushi/vec4 0, 0, 1;
    %store/vec4 v0x5594fa4e8b80_0, 0, 1;
    %pushi/vec4 0, 0, 2;
    %store/vec4 v0x5594fa4e86a0_0, 0, 2;
    %pushi/vec4 0, 0, 1;
    %store/vec4 v0x5594fa4e8870_0, 0, 1;
    %pushi/vec4 0, 0, 3;
    %store/vec4 v0x5594fa4e8ab0_0, 0, 3;
    %delay 20000, 0;
    ; show_stmt_assign_vector: Get l-value for compressed += operand
    %load/vec4 v0x5594fa4c83b0_0;
    %pushi/vec4 1, 0, 32;
    %add;
    %cast2;
    %store/vec4 v0x5594fa4c83b0_0, 0, 32;
    %jmp T_2.0;
T_2.1 ;
    %end;
    .scope S_0x5594fa48ade0;
t_0 %join;
    %pushi/vec4 1, 0, 1;
    %assign/vec4 v0x5594fa4e8b80_0, 0;
    %delay 200000, 0;
    %pushi/vec4 0, 0, 1;
    %assign/vec4 v0x5594fa4e8b80_0, 0;
    %delay 1000000, 0;
    %vpi_call/w 3 56 "$display", "Finishing Sim" {0 0 0};
    %vpi_call/w 3 57 "$finish" {0 0 0};
    %end;
    .thread T_2;
# The file index is used to find the file name in the following table.
:file_names 5;
    "N/A";
    "<interactive>";
    "-";
    "sim/arrow_tb.sv";
    "src/arrow.sv";
