#! /usr/local/bin/vvp
:ivl_version "11.0 (stable)" "(v11_0-132-gb2f2414f4)";
:ivl_delay_selection "TYPICAL";
:vpi_time_precision - 12;
:vpi_module "/usr/local/lib/ivl/system.vpi";
:vpi_module "/usr/local/lib/ivl/vhdl_sys.vpi";
:vpi_module "/usr/local/lib/ivl/vhdl_textio.vpi";
:vpi_module "/usr/local/lib/ivl/v2005_math.vpi";
:vpi_module "/usr/local/lib/ivl/va_math.vpi";
:vpi_module "/usr/local/lib/ivl/v2009.vpi";
S_0x556fba149b70 .scope package, "$unit" "$unit" 2 1;
 .timescale 0 0;
S_0x556fba138190 .scope module, "enemy_tb" "enemy_tb" 3 4;
 .timescale -9 -12;
v0x556fba16eb20_0 .net "busy_out", 0 0, L_0x556fba1822b0;  1 drivers
v0x556fba16ec10_0 .var "clk", 0 0;
v0x556fba16ecb0_0 .net "finished_out", 0 0, v0x556fba16ccd0_0;  1 drivers
v0x556fba16edb0_0 .var "hcount_in", 10 0;
v0x556fba16ee50_0 .net "pixel_out", 11 0, v0x556fba16d760_0;  1 drivers
v0x556fba16eef0_0 .var "rotate_in", 1 0;
v0x556fba16efc0_0 .var "rst", 0 0;
v0x556fba16f060_0 .var "state_in", 3 0;
v0x556fba16f130_0 .var "turn_in", 3 0;
v0x556fba16f200_0 .var "vcount_in", 9 0;
S_0x556fba143710 .scope begin, "$ivl_for_loop0" "$ivl_for_loop0" 3 44, 3 44 0, S_0x556fba138190;
 .timescale -9 -12;
v0x556fba120fe0_0 .var/2s "i", 31 0;
S_0x556fba13be50 .scope module, "uut" "enemy" 3 18, 4 4 0, S_0x556fba138190;
 .timescale -9 -12;
    .port_info 0 /INPUT 1 "clk";
    .port_info 1 /INPUT 1 "rst";
    .port_info 2 /INPUT 11 "hcount_in";
    .port_info 3 /INPUT 10 "vcount_in";
    .port_info 4 /INPUT 4 "state_in";
    .port_info 5 /INPUT 4 "turn_in";
    .port_info 6 /INPUT 2 "rotate_in";
    .port_info 7 /OUTPUT 1 "busy_out";
    .port_info 8 /OUTPUT 1 "finished_out";
    .port_info 9 /OUTPUT 12 "pixel_out";
L_0x556fba1822b0 .functor BUFZ 1, v0x556fba16cb90_0, C4<0>, C4<0>, C4<0>;
L_0x7fe08981c2e8 .functor BUFT 1, C4<00000000000000000000000000000000>, C4<0>, C4<0>, C4<0>;
v0x556fba16b450_0 .net/2s *"_ivl_13", 31 0, L_0x7fe08981c2e8;  1 drivers
L_0x7fe08981c3c0 .functor BUFT 1, C4<00000000000000000000000000000000>, C4<0>, C4<0>, C4<0>;
v0x556fba16b550_0 .net/2s *"_ivl_19", 31 0, L_0x7fe08981c3c0;  1 drivers
L_0x7fe08981c450 .functor BUFT 1, C4<00000000000000000000000000000000>, C4<0>, C4<0>, C4<0>;
v0x556fba16b630_0 .net/2s *"_ivl_25", 31 0, L_0x7fe08981c450;  1 drivers
L_0x7fe08981c528 .functor BUFT 1, C4<00000000000000000000000000000000>, C4<0>, C4<0>, C4<0>;
v0x556fba16b6f0_0 .net/2s *"_ivl_31", 31 0, L_0x7fe08981c528;  1 drivers
L_0x7fe08981c5b8 .functor BUFT 1, C4<00000000000000000000000000000000>, C4<0>, C4<0>, C4<0>;
v0x556fba16b7d0_0 .net/2s *"_ivl_37", 31 0, L_0x7fe08981c5b8;  1 drivers
L_0x7fe08981c690 .functor BUFT 1, C4<00000000000000000000000000000001>, C4<0>, C4<0>, C4<0>;
v0x556fba16b8b0_0 .net/2s *"_ivl_41", 31 0, L_0x7fe08981c690;  1 drivers
L_0x7fe08981c6d8 .functor BUFT 1, C4<00000000000000000000000000000000>, C4<0>, C4<0>, C4<0>;
v0x556fba16b990_0 .net/2s *"_ivl_45", 31 0, L_0x7fe08981c6d8;  1 drivers
L_0x7fe08981c720 .functor BUFT 1, C4<00000000000000000000000000000000>, C4<0>, C4<0>, C4<0>;
v0x556fba16ba70_0 .net/2s *"_ivl_49", 31 0, L_0x7fe08981c720;  1 drivers
L_0x7fe08981c7f8 .functor BUFT 1, C4<00000000000000000000000000000001>, C4<0>, C4<0>, C4<0>;
v0x556fba16bb50_0 .net/2s *"_ivl_53", 31 0, L_0x7fe08981c7f8;  1 drivers
L_0x7fe08981c840 .functor BUFT 1, C4<00000000000000000000000000000000>, C4<0>, C4<0>, C4<0>;
v0x556fba16bcc0_0 .net/2s *"_ivl_57", 31 0, L_0x7fe08981c840;  1 drivers
L_0x7fe08981c888 .functor BUFT 1, C4<00000000000000000000000000000000>, C4<0>, C4<0>, C4<0>;
v0x556fba16bda0_0 .net/2s *"_ivl_61", 31 0, L_0x7fe08981c888;  1 drivers
L_0x7fe08981c960 .functor BUFT 1, C4<00000000000000000000000000000001>, C4<0>, C4<0>, C4<0>;
v0x556fba16be80_0 .net/2s *"_ivl_65", 31 0, L_0x7fe08981c960;  1 drivers
L_0x7fe08981c9a8 .functor BUFT 1, C4<00000000000000000000000000000000>, C4<0>, C4<0>, C4<0>;
v0x556fba16bf60_0 .net/2s *"_ivl_69", 31 0, L_0x7fe08981c9a8;  1 drivers
L_0x7fe08981c258 .functor BUFT 1, C4<00000000000000000000000000000000>, C4<0>, C4<0>, C4<0>;
v0x556fba16c040_0 .net/2s *"_ivl_7", 31 0, L_0x7fe08981c258;  1 drivers
L_0x7fe08981c9f0 .functor BUFT 1, C4<00000000000000000000000000000000>, C4<0>, C4<0>, C4<0>;
v0x556fba16c120_0 .net/2s *"_ivl_73", 31 0, L_0x7fe08981c9f0;  1 drivers
L_0x7fe08981cac8 .functor BUFT 1, C4<00000000000000000000000000000001>, C4<0>, C4<0>, C4<0>;
v0x556fba16c200_0 .net/2s *"_ivl_77", 31 0, L_0x7fe08981cac8;  1 drivers
L_0x7fe08981cb10 .functor BUFT 1, C4<00000000000000000000000000000000>, C4<0>, C4<0>, C4<0>;
v0x556fba16c2e0_0 .net/2s *"_ivl_81", 31 0, L_0x7fe08981cb10;  1 drivers
L_0x7fe08981cb58 .functor BUFT 1, C4<00000000000000000000000000000000>, C4<0>, C4<0>, C4<0>;
v0x556fba16c3c0_0 .net/2s *"_ivl_85", 31 0, L_0x7fe08981cb58;  1 drivers
v0x556fba16c4a0_0 .var "arrow_count_first", 6 0;
v0x556fba16c580_0 .net "arrow_out_1", 11 0, L_0x556fba17f820;  1 drivers
v0x556fba16c640_0 .net "arrow_out_2", 11 0, L_0x556fba17fdf0;  1 drivers
v0x556fba16c710_0 .net "arrow_out_3", 11 0, L_0x556fba1804f0;  1 drivers
v0x556fba16c7e0_0 .net "arrow_valid_1", 0 0, L_0x556fba17f730;  1 drivers
v0x556fba16c8b0_0 .net "arrow_valid_2", 0 0, L_0x556fba17fcd0;  1 drivers
v0x556fba16c980_0 .net "arrow_valid_3", 0 0, L_0x556fba1802f0;  1 drivers
v0x556fba16ca50_0 .var "arrow_valid_in", 23 0;
v0x556fba16caf0_0 .net "busy_out", 0 0, L_0x556fba1822b0;  alias, 1 drivers
v0x556fba16cb90_0 .var "busy_out_buffer", 0 0;
v0x556fba16cc30_0 .net "clk", 0 0, v0x556fba16ec10_0;  1 drivers
v0x556fba16ccd0_0 .var "finished_out", 0 0;
v0x556fba16cd90_0 .net "frame_bottom_out", 0 0, v0x556fba166c90_0;  1 drivers
v0x556fba16ce60_0 .net "frame_bottom_pixel", 11 0, L_0x556fba181d50;  1 drivers
v0x556fba16cf30_0 .net "frame_left_out", 0 0, v0x556fba167ce0_0;  1 drivers
v0x556fba16d210_0 .net "frame_left_pixel", 11 0, L_0x556fba180f70;  1 drivers
v0x556fba16d2e0_0 .net "frame_right_out", 0 0, v0x556fba168e60_0;  1 drivers
v0x556fba16d3b0_0 .net "frame_right_pixel", 11 0, L_0x556fba181710;  1 drivers
v0x556fba16d480_0 .net "frame_top_out", 0 0, v0x556fba169ec0_0;  1 drivers
v0x556fba16d550_0 .net "frame_top_pixel", 11 0, L_0x556fba1809e0;  1 drivers
v0x556fba16d620_0 .net "hcount_in", 10 0, v0x556fba16edb0_0;  1 drivers
v0x556fba16d6c0_0 .var "old_state_in", 3 0;
v0x556fba16d760_0 .var "pixel_out", 11 0;
v0x556fba16d820_0 .net "rotate_in", 1 0, v0x556fba16eef0_0;  1 drivers
v0x556fba16d900_0 .net "rst", 0 0, v0x556fba16efc0_0;  1 drivers
v0x556fba16d9a0_0 .net "shield_out", 11 0, L_0x556fba17f500;  1 drivers
v0x556fba16da90_0 .net "state_in", 3 0, v0x556fba16f060_0;  1 drivers
v0x556fba16db50_0 .var "timing_count", 31 0;
L_0x7fe08981c180 .functor BUFT 1, C4<1001001001>, C4<0>, C4<0>, C4<0>;
v0x556fba16dc30 .array "timings", 0 71;
v0x556fba16dc30_0 .net v0x556fba16dc30 0, 9 0, L_0x7fe08981c180; 1 drivers
o0x7fe089867088 .functor BUFZ 10, C4<zzzzzzzzzz>; HiZ drive
v0x556fba16dc30_1 .net v0x556fba16dc30 1, 9 0, o0x7fe089867088; 0 drivers
o0x7fe0898670b8 .functor BUFZ 10, C4<zzzzzzzzzz>; HiZ drive
v0x556fba16dc30_2 .net v0x556fba16dc30 2, 9 0, o0x7fe0898670b8; 0 drivers
o0x7fe0898670e8 .functor BUFZ 10, C4<zzzzzzzzzz>; HiZ drive
v0x556fba16dc30_3 .net v0x556fba16dc30 3, 9 0, o0x7fe0898670e8; 0 drivers
o0x7fe089867118 .functor BUFZ 10, C4<zzzzzzzzzz>; HiZ drive
v0x556fba16dc30_4 .net v0x556fba16dc30 4, 9 0, o0x7fe089867118; 0 drivers
o0x7fe089867148 .functor BUFZ 10, C4<zzzzzzzzzz>; HiZ drive
v0x556fba16dc30_5 .net v0x556fba16dc30 5, 9 0, o0x7fe089867148; 0 drivers
o0x7fe089867178 .functor BUFZ 10, C4<zzzzzzzzzz>; HiZ drive
v0x556fba16dc30_6 .net v0x556fba16dc30 6, 9 0, o0x7fe089867178; 0 drivers
o0x7fe0898671a8 .functor BUFZ 10, C4<zzzzzzzzzz>; HiZ drive
v0x556fba16dc30_7 .net v0x556fba16dc30 7, 9 0, o0x7fe0898671a8; 0 drivers
o0x7fe0898671d8 .functor BUFZ 10, C4<zzzzzzzzzz>; HiZ drive
v0x556fba16dc30_8 .net v0x556fba16dc30 8, 9 0, o0x7fe0898671d8; 0 drivers
o0x7fe089867208 .functor BUFZ 10, C4<zzzzzzzzzz>; HiZ drive
v0x556fba16dc30_9 .net v0x556fba16dc30 9, 9 0, o0x7fe089867208; 0 drivers
o0x7fe089867238 .functor BUFZ 10, C4<zzzzzzzzzz>; HiZ drive
v0x556fba16dc30_10 .net v0x556fba16dc30 10, 9 0, o0x7fe089867238; 0 drivers
o0x7fe089867268 .functor BUFZ 10, C4<zzzzzzzzzz>; HiZ drive
v0x556fba16dc30_11 .net v0x556fba16dc30 11, 9 0, o0x7fe089867268; 0 drivers
o0x7fe089867298 .functor BUFZ 10, C4<zzzzzzzzzz>; HiZ drive
v0x556fba16dc30_12 .net v0x556fba16dc30 12, 9 0, o0x7fe089867298; 0 drivers
o0x7fe0898672c8 .functor BUFZ 10, C4<zzzzzzzzzz>; HiZ drive
v0x556fba16dc30_13 .net v0x556fba16dc30 13, 9 0, o0x7fe0898672c8; 0 drivers
o0x7fe0898672f8 .functor BUFZ 10, C4<zzzzzzzzzz>; HiZ drive
v0x556fba16dc30_14 .net v0x556fba16dc30 14, 9 0, o0x7fe0898672f8; 0 drivers
o0x7fe089867328 .functor BUFZ 10, C4<zzzzzzzzzz>; HiZ drive
v0x556fba16dc30_15 .net v0x556fba16dc30 15, 9 0, o0x7fe089867328; 0 drivers
o0x7fe089867358 .functor BUFZ 10, C4<zzzzzzzzzz>; HiZ drive
v0x556fba16dc30_16 .net v0x556fba16dc30 16, 9 0, o0x7fe089867358; 0 drivers
o0x7fe089867388 .functor BUFZ 10, C4<zzzzzzzzzz>; HiZ drive
v0x556fba16dc30_17 .net v0x556fba16dc30 17, 9 0, o0x7fe089867388; 0 drivers
o0x7fe0898673b8 .functor BUFZ 10, C4<zzzzzzzzzz>; HiZ drive
v0x556fba16dc30_18 .net v0x556fba16dc30 18, 9 0, o0x7fe0898673b8; 0 drivers
o0x7fe0898673e8 .functor BUFZ 10, C4<zzzzzzzzzz>; HiZ drive
v0x556fba16dc30_19 .net v0x556fba16dc30 19, 9 0, o0x7fe0898673e8; 0 drivers
o0x7fe089867418 .functor BUFZ 10, C4<zzzzzzzzzz>; HiZ drive
v0x556fba16dc30_20 .net v0x556fba16dc30 20, 9 0, o0x7fe089867418; 0 drivers
o0x7fe089867448 .functor BUFZ 10, C4<zzzzzzzzzz>; HiZ drive
v0x556fba16dc30_21 .net v0x556fba16dc30 21, 9 0, o0x7fe089867448; 0 drivers
o0x7fe089867478 .functor BUFZ 10, C4<zzzzzzzzzz>; HiZ drive
v0x556fba16dc30_22 .net v0x556fba16dc30 22, 9 0, o0x7fe089867478; 0 drivers
o0x7fe0898674a8 .functor BUFZ 10, C4<zzzzzzzzzz>; HiZ drive
v0x556fba16dc30_23 .net v0x556fba16dc30 23, 9 0, o0x7fe0898674a8; 0 drivers
o0x7fe0898674d8 .functor BUFZ 10, C4<zzzzzzzzzz>; HiZ drive
v0x556fba16dc30_24 .net v0x556fba16dc30 24, 9 0, o0x7fe0898674d8; 0 drivers
o0x7fe089867508 .functor BUFZ 10, C4<zzzzzzzzzz>; HiZ drive
v0x556fba16dc30_25 .net v0x556fba16dc30 25, 9 0, o0x7fe089867508; 0 drivers
o0x7fe089867538 .functor BUFZ 10, C4<zzzzzzzzzz>; HiZ drive
v0x556fba16dc30_26 .net v0x556fba16dc30 26, 9 0, o0x7fe089867538; 0 drivers
o0x7fe089867568 .functor BUFZ 10, C4<zzzzzzzzzz>; HiZ drive
v0x556fba16dc30_27 .net v0x556fba16dc30 27, 9 0, o0x7fe089867568; 0 drivers
o0x7fe089867598 .functor BUFZ 10, C4<zzzzzzzzzz>; HiZ drive
v0x556fba16dc30_28 .net v0x556fba16dc30 28, 9 0, o0x7fe089867598; 0 drivers
o0x7fe0898675c8 .functor BUFZ 10, C4<zzzzzzzzzz>; HiZ drive
v0x556fba16dc30_29 .net v0x556fba16dc30 29, 9 0, o0x7fe0898675c8; 0 drivers
o0x7fe0898675f8 .functor BUFZ 10, C4<zzzzzzzzzz>; HiZ drive
v0x556fba16dc30_30 .net v0x556fba16dc30 30, 9 0, o0x7fe0898675f8; 0 drivers
o0x7fe089867628 .functor BUFZ 10, C4<zzzzzzzzzz>; HiZ drive
v0x556fba16dc30_31 .net v0x556fba16dc30 31, 9 0, o0x7fe089867628; 0 drivers
o0x7fe089867658 .functor BUFZ 10, C4<zzzzzzzzzz>; HiZ drive
v0x556fba16dc30_32 .net v0x556fba16dc30 32, 9 0, o0x7fe089867658; 0 drivers
o0x7fe089867688 .functor BUFZ 10, C4<zzzzzzzzzz>; HiZ drive
v0x556fba16dc30_33 .net v0x556fba16dc30 33, 9 0, o0x7fe089867688; 0 drivers
o0x7fe0898676b8 .functor BUFZ 10, C4<zzzzzzzzzz>; HiZ drive
v0x556fba16dc30_34 .net v0x556fba16dc30 34, 9 0, o0x7fe0898676b8; 0 drivers
o0x7fe0898676e8 .functor BUFZ 10, C4<zzzzzzzzzz>; HiZ drive
v0x556fba16dc30_35 .net v0x556fba16dc30 35, 9 0, o0x7fe0898676e8; 0 drivers
o0x7fe089867718 .functor BUFZ 10, C4<zzzzzzzzzz>; HiZ drive
v0x556fba16dc30_36 .net v0x556fba16dc30 36, 9 0, o0x7fe089867718; 0 drivers
o0x7fe089867748 .functor BUFZ 10, C4<zzzzzzzzzz>; HiZ drive
v0x556fba16dc30_37 .net v0x556fba16dc30 37, 9 0, o0x7fe089867748; 0 drivers
o0x7fe089867778 .functor BUFZ 10, C4<zzzzzzzzzz>; HiZ drive
v0x556fba16dc30_38 .net v0x556fba16dc30 38, 9 0, o0x7fe089867778; 0 drivers
o0x7fe0898677a8 .functor BUFZ 10, C4<zzzzzzzzzz>; HiZ drive
v0x556fba16dc30_39 .net v0x556fba16dc30 39, 9 0, o0x7fe0898677a8; 0 drivers
o0x7fe0898677d8 .functor BUFZ 10, C4<zzzzzzzzzz>; HiZ drive
v0x556fba16dc30_40 .net v0x556fba16dc30 40, 9 0, o0x7fe0898677d8; 0 drivers
o0x7fe089867808 .functor BUFZ 10, C4<zzzzzzzzzz>; HiZ drive
v0x556fba16dc30_41 .net v0x556fba16dc30 41, 9 0, o0x7fe089867808; 0 drivers
o0x7fe089867838 .functor BUFZ 10, C4<zzzzzzzzzz>; HiZ drive
v0x556fba16dc30_42 .net v0x556fba16dc30 42, 9 0, o0x7fe089867838; 0 drivers
o0x7fe089867868 .functor BUFZ 10, C4<zzzzzzzzzz>; HiZ drive
v0x556fba16dc30_43 .net v0x556fba16dc30 43, 9 0, o0x7fe089867868; 0 drivers
o0x7fe089867898 .functor BUFZ 10, C4<zzzzzzzzzz>; HiZ drive
v0x556fba16dc30_44 .net v0x556fba16dc30 44, 9 0, o0x7fe089867898; 0 drivers
o0x7fe0898678c8 .functor BUFZ 10, C4<zzzzzzzzzz>; HiZ drive
v0x556fba16dc30_45 .net v0x556fba16dc30 45, 9 0, o0x7fe0898678c8; 0 drivers
o0x7fe0898678f8 .functor BUFZ 10, C4<zzzzzzzzzz>; HiZ drive
v0x556fba16dc30_46 .net v0x556fba16dc30 46, 9 0, o0x7fe0898678f8; 0 drivers
o0x7fe089867928 .functor BUFZ 10, C4<zzzzzzzzzz>; HiZ drive
v0x556fba16dc30_47 .net v0x556fba16dc30 47, 9 0, o0x7fe089867928; 0 drivers
o0x7fe089867958 .functor BUFZ 10, C4<zzzzzzzzzz>; HiZ drive
v0x556fba16dc30_48 .net v0x556fba16dc30 48, 9 0, o0x7fe089867958; 0 drivers
o0x7fe089867988 .functor BUFZ 10, C4<zzzzzzzzzz>; HiZ drive
v0x556fba16dc30_49 .net v0x556fba16dc30 49, 9 0, o0x7fe089867988; 0 drivers
o0x7fe0898679b8 .functor BUFZ 10, C4<zzzzzzzzzz>; HiZ drive
v0x556fba16dc30_50 .net v0x556fba16dc30 50, 9 0, o0x7fe0898679b8; 0 drivers
o0x7fe0898679e8 .functor BUFZ 10, C4<zzzzzzzzzz>; HiZ drive
v0x556fba16dc30_51 .net v0x556fba16dc30 51, 9 0, o0x7fe0898679e8; 0 drivers
o0x7fe089867a18 .functor BUFZ 10, C4<zzzzzzzzzz>; HiZ drive
v0x556fba16dc30_52 .net v0x556fba16dc30 52, 9 0, o0x7fe089867a18; 0 drivers
o0x7fe089867a48 .functor BUFZ 10, C4<zzzzzzzzzz>; HiZ drive
v0x556fba16dc30_53 .net v0x556fba16dc30 53, 9 0, o0x7fe089867a48; 0 drivers
o0x7fe089867a78 .functor BUFZ 10, C4<zzzzzzzzzz>; HiZ drive
v0x556fba16dc30_54 .net v0x556fba16dc30 54, 9 0, o0x7fe089867a78; 0 drivers
o0x7fe089867aa8 .functor BUFZ 10, C4<zzzzzzzzzz>; HiZ drive
v0x556fba16dc30_55 .net v0x556fba16dc30 55, 9 0, o0x7fe089867aa8; 0 drivers
o0x7fe089867ad8 .functor BUFZ 10, C4<zzzzzzzzzz>; HiZ drive
v0x556fba16dc30_56 .net v0x556fba16dc30 56, 9 0, o0x7fe089867ad8; 0 drivers
o0x7fe089867b08 .functor BUFZ 10, C4<zzzzzzzzzz>; HiZ drive
v0x556fba16dc30_57 .net v0x556fba16dc30 57, 9 0, o0x7fe089867b08; 0 drivers
o0x7fe089867b38 .functor BUFZ 10, C4<zzzzzzzzzz>; HiZ drive
v0x556fba16dc30_58 .net v0x556fba16dc30 58, 9 0, o0x7fe089867b38; 0 drivers
o0x7fe089867b68 .functor BUFZ 10, C4<zzzzzzzzzz>; HiZ drive
v0x556fba16dc30_59 .net v0x556fba16dc30 59, 9 0, o0x7fe089867b68; 0 drivers
o0x7fe089867b98 .functor BUFZ 10, C4<zzzzzzzzzz>; HiZ drive
v0x556fba16dc30_60 .net v0x556fba16dc30 60, 9 0, o0x7fe089867b98; 0 drivers
o0x7fe089867bc8 .functor BUFZ 10, C4<zzzzzzzzzz>; HiZ drive
v0x556fba16dc30_61 .net v0x556fba16dc30 61, 9 0, o0x7fe089867bc8; 0 drivers
o0x7fe089867bf8 .functor BUFZ 10, C4<zzzzzzzzzz>; HiZ drive
v0x556fba16dc30_62 .net v0x556fba16dc30 62, 9 0, o0x7fe089867bf8; 0 drivers
o0x7fe089867c28 .functor BUFZ 10, C4<zzzzzzzzzz>; HiZ drive
v0x556fba16dc30_63 .net v0x556fba16dc30 63, 9 0, o0x7fe089867c28; 0 drivers
o0x7fe089867c58 .functor BUFZ 10, C4<zzzzzzzzzz>; HiZ drive
v0x556fba16dc30_64 .net v0x556fba16dc30 64, 9 0, o0x7fe089867c58; 0 drivers
o0x7fe089867c88 .functor BUFZ 10, C4<zzzzzzzzzz>; HiZ drive
v0x556fba16dc30_65 .net v0x556fba16dc30 65, 9 0, o0x7fe089867c88; 0 drivers
o0x7fe089867cb8 .functor BUFZ 10, C4<zzzzzzzzzz>; HiZ drive
v0x556fba16dc30_66 .net v0x556fba16dc30 66, 9 0, o0x7fe089867cb8; 0 drivers
o0x7fe089867ce8 .functor BUFZ 10, C4<zzzzzzzzzz>; HiZ drive
v0x556fba16dc30_67 .net v0x556fba16dc30 67, 9 0, o0x7fe089867ce8; 0 drivers
o0x7fe089867d18 .functor BUFZ 10, C4<zzzzzzzzzz>; HiZ drive
v0x556fba16dc30_68 .net v0x556fba16dc30 68, 9 0, o0x7fe089867d18; 0 drivers
o0x7fe089867d48 .functor BUFZ 10, C4<zzzzzzzzzz>; HiZ drive
v0x556fba16dc30_69 .net v0x556fba16dc30 69, 9 0, o0x7fe089867d48; 0 drivers
o0x7fe089867d78 .functor BUFZ 10, C4<zzzzzzzzzz>; HiZ drive
v0x556fba16dc30_70 .net v0x556fba16dc30 70, 9 0, o0x7fe089867d78; 0 drivers
o0x7fe089867da8 .functor BUFZ 10, C4<zzzzzzzzzz>; HiZ drive
v0x556fba16dc30_71 .net v0x556fba16dc30 71, 9 0, o0x7fe089867da8; 0 drivers
v0x556fba16e840_0 .net "turn_in", 3 0, v0x556fba16f130_0;  1 drivers
v0x556fba16e920_0 .net "vcount_in", 9 0, v0x556fba16f200_0;  1 drivers
E_0x556fba118560/0 .event edge, v0x556fba16cb90_0, v0x556fba166e60_0, v0x556fba16a090_0, v0x556fba167e60_0;
E_0x556fba118560/1 .event edge, v0x556fba168fe0_0, v0x556fba1634c0_0, v0x556fba164710_0, v0x556fba165a90_0;
E_0x556fba118560 .event/or E_0x556fba118560/0, E_0x556fba118560/1;
L_0x556fba17f9b0 .part v0x556fba16ca50_0, 0, 1;
L_0x556fba17fae0 .part L_0x7fe08981c258, 0, 3;
L_0x556fba17fbb0 .part L_0x7fe08981c2e8, 0, 1;
L_0x556fba17ff80 .part v0x556fba16ca50_0, 1, 1;
L_0x556fba1800a0 .part L_0x7fe08981c3c0, 0, 3;
L_0x556fba180190 .part L_0x7fe08981c450, 0, 1;
L_0x556fba180680 .part v0x556fba16ca50_0, 2, 1;
L_0x556fba180720 .part L_0x7fe08981c528, 0, 3;
L_0x556fba180890 .part L_0x7fe08981c5b8, 0, 1;
L_0x556fba180bc0 .part L_0x7fe08981c690, 0, 1;
L_0x556fba180d10 .part L_0x7fe08981c6d8, 0, 11;
L_0x556fba180db0 .part L_0x7fe08981c720, 0, 10;
L_0x556fba181150 .part L_0x7fe08981c7f8, 0, 1;
L_0x556fba181240 .part L_0x7fe08981c840, 0, 11;
L_0x556fba1813b0 .part L_0x7fe08981c888, 0, 10;
L_0x556fba1818f0 .part L_0x7fe08981c960, 0, 1;
L_0x556fba181a70 .part L_0x7fe08981c9a8, 0, 11;
L_0x556fba181b60 .part L_0x7fe08981c9f0, 0, 10;
L_0x556fba181fa0 .part L_0x7fe08981cac8, 0, 1;
L_0x556fba182090 .part L_0x7fe08981cb10, 0, 11;
L_0x556fba181c80 .part L_0x7fe08981cb58, 0, 10;
S_0x556fba13fab0 .scope module, "arrow1" "arrow" 4 37, 5 4 0, S_0x556fba13be50;
 .timescale -9 -12;
    .port_info 0 /INPUT 1 "clk";
    .port_info 1 /INPUT 1 "rst";
    .port_info 2 /INPUT 11 "hcount_in";
    .port_info 3 /INPUT 10 "vcount_in";
    .port_info 4 /INPUT 1 "valid_in";
    .port_info 5 /INPUT 3 "speed_in";
    .port_info 6 /INPUT 2 "direction_in";
    .port_info 7 /INPUT 1 "inversed_in";
    .port_info 8 /OUTPUT 12 "pixel_out";
    .port_info 9 /OUTPUT 1 "valid_out";
P_0x556fba148b50 .param/l "HEIGHT" 0 5 4, +C4<00000000000000000000000000100000>;
P_0x556fba148b90 .param/l "WIDTH" 0 5 4, +C4<00000000000000000000000000001000>;
L_0x7fe08981c1c8 .functor BUFT 1, C4<111100000000>, C4<0>, C4<0>, C4<0>;
v0x556fba11f3e0_0 .net/2u *"_ivl_2", 11 0, L_0x7fe08981c1c8;  1 drivers
L_0x7fe08981c210 .functor BUFT 1, C4<000000000000>, C4<0>, C4<0>, C4<0>;
v0x556fba11f250_0 .net/2u *"_ivl_4", 11 0, L_0x7fe08981c210;  1 drivers
v0x556fba11ef30_0 .net "clk", 0 0, v0x556fba16ec10_0;  alias, 1 drivers
L_0x7fe08981c2a0 .functor BUFT 1, C4<00>, C4<0>, C4<0>, C4<0>;
v0x556fba149370_0 .net "direction_in", 1 0, L_0x7fe08981c2a0;  1 drivers
v0x556fba135b40_0 .net "hcount_in", 10 0, v0x556fba16edb0_0;  alias, 1 drivers
v0x556fba130fd0_0 .net "inversed_in", 0 0, L_0x556fba17fbb0;  1 drivers
v0x556fba163400_0 .var "old_valid_in", 0 0;
v0x556fba1634c0_0 .net "pixel_out", 11 0, L_0x556fba17f820;  alias, 1 drivers
v0x556fba1635a0_0 .net "rst", 0 0, v0x556fba16efc0_0;  alias, 1 drivers
v0x556fba163660_0 .net "speed_in", 2 0, L_0x556fba17fae0;  1 drivers
v0x556fba163740_0 .net "valid_in", 0 0, L_0x556fba17f9b0;  1 drivers
v0x556fba163800_0 .net "valid_out", 0 0, L_0x556fba17f730;  alias, 1 drivers
v0x556fba1638c0_0 .net "vcount_in", 9 0, v0x556fba16f200_0;  alias, 1 drivers
v0x556fba1639a0_0 .var "x", 10 0;
v0x556fba163a80_0 .var "y", 9 0;
E_0x556fba119020 .event posedge, v0x556fba11ef30_0;
L_0x556fba17f730 .cmp/ge 11, v0x556fba16edb0_0, v0x556fba1639a0_0;
L_0x556fba17f820 .functor MUXZ 12, L_0x7fe08981c210, L_0x7fe08981c1c8, L_0x556fba17f730, C4<>;
S_0x556fba163d00 .scope module, "arrow2" "arrow" 4 38, 5 4 0, S_0x556fba13be50;
 .timescale -9 -12;
    .port_info 0 /INPUT 1 "clk";
    .port_info 1 /INPUT 1 "rst";
    .port_info 2 /INPUT 11 "hcount_in";
    .port_info 3 /INPUT 10 "vcount_in";
    .port_info 4 /INPUT 1 "valid_in";
    .port_info 5 /INPUT 3 "speed_in";
    .port_info 6 /INPUT 2 "direction_in";
    .port_info 7 /INPUT 1 "inversed_in";
    .port_info 8 /OUTPUT 12 "pixel_out";
    .port_info 9 /OUTPUT 1 "valid_out";
P_0x556fba163eb0 .param/l "HEIGHT" 0 5 4, +C4<00000000000000000000000000100000>;
P_0x556fba163ef0 .param/l "WIDTH" 0 5 4, +C4<00000000000000000000000000001000>;
L_0x7fe08981c330 .functor BUFT 1, C4<111100000000>, C4<0>, C4<0>, C4<0>;
v0x556fba164170_0 .net/2u *"_ivl_2", 11 0, L_0x7fe08981c330;  1 drivers
L_0x7fe08981c378 .functor BUFT 1, C4<000000000000>, C4<0>, C4<0>, C4<0>;
v0x556fba164250_0 .net/2u *"_ivl_4", 11 0, L_0x7fe08981c378;  1 drivers
v0x556fba164330_0 .net "clk", 0 0, v0x556fba16ec10_0;  alias, 1 drivers
L_0x7fe08981c408 .functor BUFT 1, C4<01>, C4<0>, C4<0>, C4<0>;
v0x556fba164400_0 .net "direction_in", 1 0, L_0x7fe08981c408;  1 drivers
v0x556fba1644a0_0 .net "hcount_in", 10 0, v0x556fba16edb0_0;  alias, 1 drivers
v0x556fba1645b0_0 .net "inversed_in", 0 0, L_0x556fba180190;  1 drivers
v0x556fba164650_0 .var "old_valid_in", 0 0;
v0x556fba164710_0 .net "pixel_out", 11 0, L_0x556fba17fdf0;  alias, 1 drivers
v0x556fba1647f0_0 .net "rst", 0 0, v0x556fba16efc0_0;  alias, 1 drivers
v0x556fba1648c0_0 .net "speed_in", 2 0, L_0x556fba1800a0;  1 drivers
v0x556fba164980_0 .net "valid_in", 0 0, L_0x556fba17ff80;  1 drivers
v0x556fba164a40_0 .net "valid_out", 0 0, L_0x556fba17fcd0;  alias, 1 drivers
v0x556fba164b00_0 .net "vcount_in", 9 0, v0x556fba16f200_0;  alias, 1 drivers
v0x556fba164bf0_0 .var "x", 10 0;
v0x556fba164cb0_0 .var "y", 9 0;
L_0x556fba17fcd0 .cmp/ge 11, v0x556fba16edb0_0, v0x556fba164bf0_0;
L_0x556fba17fdf0 .functor MUXZ 12, L_0x7fe08981c378, L_0x7fe08981c330, L_0x556fba17fcd0, C4<>;
S_0x556fba164f30 .scope module, "arrow3" "arrow" 4 39, 5 4 0, S_0x556fba13be50;
 .timescale -9 -12;
    .port_info 0 /INPUT 1 "clk";
    .port_info 1 /INPUT 1 "rst";
    .port_info 2 /INPUT 11 "hcount_in";
    .port_info 3 /INPUT 10 "vcount_in";
    .port_info 4 /INPUT 1 "valid_in";
    .port_info 5 /INPUT 3 "speed_in";
    .port_info 6 /INPUT 2 "direction_in";
    .port_info 7 /INPUT 1 "inversed_in";
    .port_info 8 /OUTPUT 12 "pixel_out";
    .port_info 9 /OUTPUT 1 "valid_out";
P_0x556fba1650f0 .param/l "HEIGHT" 0 5 4, +C4<00000000000000000000000000100000>;
P_0x556fba165130 .param/l "WIDTH" 0 5 4, +C4<00000000000000000000000000001000>;
L_0x7fe08981c498 .functor BUFT 1, C4<111100000000>, C4<0>, C4<0>, C4<0>;
v0x556fba165410_0 .net/2u *"_ivl_2", 11 0, L_0x7fe08981c498;  1 drivers
L_0x7fe08981c4e0 .functor BUFT 1, C4<000000000000>, C4<0>, C4<0>, C4<0>;
v0x556fba1654f0_0 .net/2u *"_ivl_4", 11 0, L_0x7fe08981c4e0;  1 drivers
v0x556fba1655d0_0 .net "clk", 0 0, v0x556fba16ec10_0;  alias, 1 drivers
L_0x7fe08981c570 .functor BUFT 1, C4<10>, C4<0>, C4<0>, C4<0>;
v0x556fba1656f0_0 .net "direction_in", 1 0, L_0x7fe08981c570;  1 drivers
v0x556fba1657b0_0 .net "hcount_in", 10 0, v0x556fba16edb0_0;  alias, 1 drivers
v0x556fba165910_0 .net "inversed_in", 0 0, L_0x556fba180890;  1 drivers
v0x556fba1659d0_0 .var "old_valid_in", 0 0;
v0x556fba165a90_0 .net "pixel_out", 11 0, L_0x556fba1804f0;  alias, 1 drivers
v0x556fba165b70_0 .net "rst", 0 0, v0x556fba16efc0_0;  alias, 1 drivers
v0x556fba165c10_0 .net "speed_in", 2 0, L_0x556fba180720;  1 drivers
v0x556fba165cf0_0 .net "valid_in", 0 0, L_0x556fba180680;  1 drivers
v0x556fba165db0_0 .net "valid_out", 0 0, L_0x556fba1802f0;  alias, 1 drivers
v0x556fba165e70_0 .net "vcount_in", 9 0, v0x556fba16f200_0;  alias, 1 drivers
v0x556fba165f80_0 .var "x", 10 0;
v0x556fba166060_0 .var "y", 9 0;
L_0x556fba1802f0 .cmp/ge 11, v0x556fba16edb0_0, v0x556fba165f80_0;
L_0x556fba1804f0 .functor MUXZ 12, L_0x7fe08981c4e0, L_0x7fe08981c498, L_0x556fba1802f0, C4<>;
S_0x556fba1662e0 .scope module, "frame_bottom" "block_sprite" 4 53, 6 1 0, S_0x556fba13be50;
 .timescale -9 -12;
    .port_info 0 /INPUT 1 "is_fixed";
    .port_info 1 /INPUT 11 "x_in";
    .port_info 2 /INPUT 11 "hcount_in";
    .port_info 3 /INPUT 10 "y_in";
    .port_info 4 /INPUT 10 "vcount_in";
    .port_info 5 /OUTPUT 12 "pixel_out";
    .port_info 6 /OUTPUT 1 "in_sprite";
P_0x556fba1664c0 .param/l "COLOR" 0 6 2, C4<111111111111>;
P_0x556fba166500 .param/l "HEIGHT" 0 6 2, +C4<00000000000000000000000000001000>;
P_0x556fba166540 .param/l "WIDTH" 0 6 2, +C4<00000000000000000000000010100000>;
P_0x556fba166580 .param/l "X_FIXED" 0 6 2, +C4<00000000000000000000000110110000>;
P_0x556fba1665c0 .param/l "Y_FIXED" 0 6 2, +C4<00000000000000000000000111001000>;
L_0x7fe08981ca38 .functor BUFT 1, C4<111111111111>, C4<0>, C4<0>, C4<0>;
v0x556fba166950_0 .net/2u *"_ivl_0", 11 0, L_0x7fe08981ca38;  1 drivers
L_0x7fe08981ca80 .functor BUFT 1, C4<000000000000>, C4<0>, C4<0>, C4<0>;
v0x556fba166a50_0 .net/2u *"_ivl_2", 11 0, L_0x7fe08981ca80;  1 drivers
v0x556fba166b30_0 .net "hcount_in", 10 0, v0x556fba16edb0_0;  alias, 1 drivers
v0x556fba166bd0_0 .net "in_sprite", 0 0, v0x556fba166c90_0;  alias, 1 drivers
v0x556fba166c90_0 .var "in_sprite_buffer", 0 0;
v0x556fba166da0_0 .net "is_fixed", 0 0, L_0x556fba181fa0;  1 drivers
v0x556fba166e60_0 .net "pixel_out", 11 0, L_0x556fba181d50;  alias, 1 drivers
v0x556fba166f40_0 .net "vcount_in", 9 0, v0x556fba16f200_0;  alias, 1 drivers
v0x556fba167000_0 .net "x_in", 10 0, L_0x556fba182090;  1 drivers
v0x556fba1670e0_0 .net "y_in", 9 0, L_0x556fba181c80;  1 drivers
E_0x556fba1188c0/0 .event edge, v0x556fba166da0_0, v0x556fba135b40_0, v0x556fba167000_0, v0x556fba1638c0_0;
E_0x556fba1188c0/1 .event edge, v0x556fba1670e0_0;
E_0x556fba1188c0 .event/or E_0x556fba1188c0/0, E_0x556fba1188c0/1;
L_0x556fba181d50 .functor MUXZ 12, L_0x7fe08981ca80, L_0x7fe08981ca38, v0x556fba166c90_0, C4<>;
S_0x556fba1672a0 .scope module, "frame_left" "block_sprite" 4 51, 6 1 0, S_0x556fba13be50;
 .timescale -9 -12;
    .port_info 0 /INPUT 1 "is_fixed";
    .port_info 1 /INPUT 11 "x_in";
    .port_info 2 /INPUT 11 "hcount_in";
    .port_info 3 /INPUT 10 "y_in";
    .port_info 4 /INPUT 10 "vcount_in";
    .port_info 5 /OUTPUT 12 "pixel_out";
    .port_info 6 /OUTPUT 1 "in_sprite";
P_0x556fba167480 .param/l "COLOR" 0 6 2, C4<111111111111>;
P_0x556fba1674c0 .param/l "HEIGHT" 0 6 2, +C4<00000000000000000000000010100000>;
P_0x556fba167500 .param/l "WIDTH" 0 6 2, +C4<00000000000000000000000000001000>;
P_0x556fba167540 .param/l "X_FIXED" 0 6 2, +C4<00000000000000000000000110110000>;
P_0x556fba167580 .param/l "Y_FIXED" 0 6 2, +C4<00000000000000000000000100110000>;
L_0x7fe08981c768 .functor BUFT 1, C4<111111111111>, C4<0>, C4<0>, C4<0>;
v0x556fba167970_0 .net/2u *"_ivl_0", 11 0, L_0x7fe08981c768;  1 drivers
L_0x7fe08981c7b0 .functor BUFT 1, C4<000000000000>, C4<0>, C4<0>, C4<0>;
v0x556fba167a70_0 .net/2u *"_ivl_2", 11 0, L_0x7fe08981c7b0;  1 drivers
v0x556fba167b50_0 .net "hcount_in", 10 0, v0x556fba16edb0_0;  alias, 1 drivers
v0x556fba167c20_0 .net "in_sprite", 0 0, v0x556fba167ce0_0;  alias, 1 drivers
v0x556fba167ce0_0 .var "in_sprite_buffer", 0 0;
v0x556fba167da0_0 .net "is_fixed", 0 0, L_0x556fba181150;  1 drivers
v0x556fba167e60_0 .net "pixel_out", 11 0, L_0x556fba180f70;  alias, 1 drivers
v0x556fba167f40_0 .net "vcount_in", 9 0, v0x556fba16f200_0;  alias, 1 drivers
v0x556fba168090_0 .net "x_in", 10 0, L_0x556fba181240;  1 drivers
v0x556fba168200_0 .net "y_in", 9 0, L_0x556fba1813b0;  1 drivers
E_0x556fba0e43c0/0 .event edge, v0x556fba167da0_0, v0x556fba135b40_0, v0x556fba168090_0, v0x556fba1638c0_0;
E_0x556fba0e43c0/1 .event edge, v0x556fba168200_0;
E_0x556fba0e43c0 .event/or E_0x556fba0e43c0/0, E_0x556fba0e43c0/1;
L_0x556fba180f70 .functor MUXZ 12, L_0x7fe08981c7b0, L_0x7fe08981c768, v0x556fba167ce0_0, C4<>;
S_0x556fba168400 .scope module, "frame_right" "block_sprite" 4 52, 6 1 0, S_0x556fba13be50;
 .timescale -9 -12;
    .port_info 0 /INPUT 1 "is_fixed";
    .port_info 1 /INPUT 11 "x_in";
    .port_info 2 /INPUT 11 "hcount_in";
    .port_info 3 /INPUT 10 "y_in";
    .port_info 4 /INPUT 10 "vcount_in";
    .port_info 5 /OUTPUT 12 "pixel_out";
    .port_info 6 /OUTPUT 1 "in_sprite";
P_0x556fba168590 .param/l "COLOR" 0 6 2, C4<111111111111>;
P_0x556fba1685d0 .param/l "HEIGHT" 0 6 2, +C4<00000000000000000000000010100000>;
P_0x556fba168610 .param/l "WIDTH" 0 6 2, +C4<00000000000000000000000000001000>;
P_0x556fba168650 .param/l "X_FIXED" 0 6 2, +C4<00000000000000000000001001001000>;
P_0x556fba168690 .param/l "Y_FIXED" 0 6 2, +C4<00000000000000000000000100110000>;
L_0x7fe08981c8d0 .functor BUFT 1, C4<111111111111>, C4<0>, C4<0>, C4<0>;
v0x556fba168af0_0 .net/2u *"_ivl_0", 11 0, L_0x7fe08981c8d0;  1 drivers
L_0x7fe08981c918 .functor BUFT 1, C4<000000000000>, C4<0>, C4<0>, C4<0>;
v0x556fba168bf0_0 .net/2u *"_ivl_2", 11 0, L_0x7fe08981c918;  1 drivers
v0x556fba168cd0_0 .net "hcount_in", 10 0, v0x556fba16edb0_0;  alias, 1 drivers
v0x556fba168da0_0 .net "in_sprite", 0 0, v0x556fba168e60_0;  alias, 1 drivers
v0x556fba168e60_0 .var "in_sprite_buffer", 0 0;
v0x556fba168f20_0 .net "is_fixed", 0 0, L_0x556fba1818f0;  1 drivers
v0x556fba168fe0_0 .net "pixel_out", 11 0, L_0x556fba181710;  alias, 1 drivers
v0x556fba1690c0_0 .net "vcount_in", 9 0, v0x556fba16f200_0;  alias, 1 drivers
v0x556fba169180_0 .net "x_in", 10 0, L_0x556fba181a70;  1 drivers
v0x556fba169260_0 .net "y_in", 9 0, L_0x556fba181b60;  1 drivers
E_0x556fba168a60/0 .event edge, v0x556fba168f20_0, v0x556fba135b40_0, v0x556fba169180_0, v0x556fba1638c0_0;
E_0x556fba168a60/1 .event edge, v0x556fba169260_0;
E_0x556fba168a60 .event/or E_0x556fba168a60/0, E_0x556fba168a60/1;
L_0x556fba181710 .functor MUXZ 12, L_0x7fe08981c918, L_0x7fe08981c8d0, v0x556fba168e60_0, C4<>;
S_0x556fba169460 .scope module, "frame_top" "block_sprite" 4 50, 6 1 0, S_0x556fba13be50;
 .timescale -9 -12;
    .port_info 0 /INPUT 1 "is_fixed";
    .port_info 1 /INPUT 11 "x_in";
    .port_info 2 /INPUT 11 "hcount_in";
    .port_info 3 /INPUT 10 "y_in";
    .port_info 4 /INPUT 10 "vcount_in";
    .port_info 5 /OUTPUT 12 "pixel_out";
    .port_info 6 /OUTPUT 1 "in_sprite";
P_0x556fba1695f0 .param/l "COLOR" 0 6 2, C4<111111111111>;
P_0x556fba169630 .param/l "HEIGHT" 0 6 2, +C4<00000000000000000000000000001000>;
P_0x556fba169670 .param/l "WIDTH" 0 6 2, +C4<00000000000000000000000010100000>;
P_0x556fba1696b0 .param/l "X_FIXED" 0 6 2, +C4<00000000000000000000000110110000>;
P_0x556fba1696f0 .param/l "Y_FIXED" 0 6 2, +C4<00000000000000000000000100110000>;
L_0x7fe08981c600 .functor BUFT 1, C4<111111111111>, C4<0>, C4<0>, C4<0>;
v0x556fba169b50_0 .net/2u *"_ivl_0", 11 0, L_0x7fe08981c600;  1 drivers
L_0x7fe08981c648 .functor BUFT 1, C4<000000000000>, C4<0>, C4<0>, C4<0>;
v0x556fba169c50_0 .net/2u *"_ivl_2", 11 0, L_0x7fe08981c648;  1 drivers
v0x556fba169d30_0 .net "hcount_in", 10 0, v0x556fba16edb0_0;  alias, 1 drivers
v0x556fba169e00_0 .net "in_sprite", 0 0, v0x556fba169ec0_0;  alias, 1 drivers
v0x556fba169ec0_0 .var "in_sprite_buffer", 0 0;
v0x556fba169fd0_0 .net "is_fixed", 0 0, L_0x556fba180bc0;  1 drivers
v0x556fba16a090_0 .net "pixel_out", 11 0, L_0x556fba1809e0;  alias, 1 drivers
v0x556fba16a170_0 .net "vcount_in", 9 0, v0x556fba16f200_0;  alias, 1 drivers
v0x556fba16a230_0 .net "x_in", 10 0, L_0x556fba180d10;  1 drivers
v0x556fba16a310_0 .net "y_in", 9 0, L_0x556fba180db0;  1 drivers
E_0x556fba169ac0/0 .event edge, v0x556fba169fd0_0, v0x556fba135b40_0, v0x556fba16a230_0, v0x556fba1638c0_0;
E_0x556fba169ac0/1 .event edge, v0x556fba16a310_0;
E_0x556fba169ac0 .event/or E_0x556fba169ac0/0, E_0x556fba169ac0/1;
L_0x556fba1809e0 .functor MUXZ 12, L_0x7fe08981c648, L_0x7fe08981c600, v0x556fba169ec0_0, C4<>;
S_0x556fba16a510 .scope module, "player_shield" "shield" 4 21, 7 3 0, S_0x556fba13be50;
 .timescale -9 -12;
    .port_info 0 /INPUT 11 "hcount_in";
    .port_info 1 /INPUT 10 "vcount_in";
    .port_info 2 /INPUT 2 "rotate_in";
    .port_info 3 /OUTPUT 12 "pixel_out";
v0x556fba16a6e0_0 .net *"_ivl_0", 31 0, L_0x556fba16f2a0;  1 drivers
L_0x7fe08981c0f0 .functor BUFT 1, C4<000000000000>, C4<0>, C4<0>, C4<0>;
v0x556fba16a7e0_0 .net/2u *"_ivl_10", 11 0, L_0x7fe08981c0f0;  1 drivers
L_0x7fe08981c018 .functor BUFT 1, C4<000000000000000000000>, C4<0>, C4<0>, C4<0>;
v0x556fba16a8c0_0 .net *"_ivl_3", 20 0, L_0x7fe08981c018;  1 drivers
L_0x7fe08981c060 .functor BUFT 1, C4<00000000000000000000000111000000>, C4<0>, C4<0>, C4<0>;
v0x556fba16a9b0_0 .net/2u *"_ivl_4", 31 0, L_0x7fe08981c060;  1 drivers
L_0x7fe08981c0a8 .functor BUFT 1, C4<111111111111>, C4<0>, C4<0>, C4<0>;
v0x556fba16aa90_0 .net/2u *"_ivl_8", 11 0, L_0x7fe08981c0a8;  1 drivers
v0x556fba16abc0_0 .net "hcount_in", 10 0, v0x556fba16edb0_0;  alias, 1 drivers
v0x556fba16ac80_0 .var "height", 9 0;
v0x556fba16ad60_0 .net "in_sprite", 0 0, L_0x556fba17f400;  1 drivers
v0x556fba16ae20_0 .net "pixel_out", 11 0, L_0x556fba17f500;  alias, 1 drivers
L_0x7fe08981c138 .functor BUFT 1, C4<00>, C4<0>, C4<0>, C4<0>;
v0x556fba16af90_0 .net "rotate_in", 1 0, L_0x7fe08981c138;  1 drivers
v0x556fba16b070_0 .net "vcount_in", 9 0, v0x556fba16f200_0;  alias, 1 drivers
v0x556fba16b130_0 .var "width", 10 0;
v0x556fba16b210_0 .var "x", 10 0;
v0x556fba16b2f0_0 .var "y", 9 0;
E_0x556fba117000 .event edge, v0x556fba16af90_0;
L_0x556fba16f2a0 .concat [ 11 21 0 0], v0x556fba16edb0_0, L_0x7fe08981c018;
L_0x556fba17f400 .cmp/ge 32, L_0x556fba16f2a0, L_0x7fe08981c060;
L_0x556fba17f500 .functor MUXZ 12, L_0x7fe08981c0f0, L_0x7fe08981c0a8, L_0x556fba17f400, C4<>;
    .scope S_0x556fba16a510;
T_0 ;
Ewait_0 .event/or E_0x556fba117000, E_0x0;
    %wait Ewait_0;
    %load/vec4 v0x556fba16af90_0;
    %dup/vec4;
    %pushi/vec4 0, 0, 2;
    %cmp/u;
    %jmp/1 T_0.0, 6;
    %dup/vec4;
    %pushi/vec4 1, 0, 2;
    %cmp/u;
    %jmp/1 T_0.1, 6;
    %dup/vec4;
    %pushi/vec4 2, 0, 2;
    %cmp/u;
    %jmp/1 T_0.2, 6;
    %dup/vec4;
    %pushi/vec4 3, 0, 2;
    %cmp/u;
    %jmp/1 T_0.3, 6;
    %jmp T_0.4;
T_0.0 ;
    %pushi/vec4 448, 0, 11;
    %store/vec4 v0x556fba16b210_0, 0, 11;
    %pushi/vec4 320, 0, 10;
    %store/vec4 v0x556fba16b2f0_0, 0, 10;
    %pushi/vec4 128, 0, 11;
    %store/vec4 v0x556fba16b130_0, 0, 11;
    %pushi/vec4 4, 0, 10;
    %store/vec4 v0x556fba16ac80_0, 0, 10;
    %jmp T_0.4;
T_0.1 ;
    %pushi/vec4 448, 0, 11;
    %store/vec4 v0x556fba16b210_0, 0, 11;
    %pushi/vec4 320, 0, 10;
    %store/vec4 v0x556fba16b2f0_0, 0, 10;
    %pushi/vec4 4, 0, 11;
    %store/vec4 v0x556fba16b130_0, 0, 11;
    %pushi/vec4 128, 0, 10;
    %store/vec4 v0x556fba16ac80_0, 0, 10;
    %jmp T_0.4;
T_0.2 ;
    %pushi/vec4 568, 0, 11;
    %store/vec4 v0x556fba16b210_0, 0, 11;
    %pushi/vec4 320, 0, 10;
    %store/vec4 v0x556fba16b2f0_0, 0, 10;
    %pushi/vec4 4, 0, 11;
    %store/vec4 v0x556fba16b130_0, 0, 11;
    %pushi/vec4 128, 0, 10;
    %store/vec4 v0x556fba16ac80_0, 0, 10;
    %jmp T_0.4;
T_0.3 ;
    %pushi/vec4 448, 0, 11;
    %store/vec4 v0x556fba16b210_0, 0, 11;
    %pushi/vec4 440, 0, 10;
    %store/vec4 v0x556fba16b2f0_0, 0, 10;
    %pushi/vec4 128, 0, 11;
    %store/vec4 v0x556fba16b130_0, 0, 11;
    %pushi/vec4 4, 0, 10;
    %store/vec4 v0x556fba16ac80_0, 0, 10;
    %jmp T_0.4;
T_0.4 ;
    %pop/vec4 1;
    %jmp T_0;
    .thread T_0, $push;
    .scope S_0x556fba13fab0;
T_1 ;
    %wait E_0x556fba119020;
    %load/vec4 v0x556fba163400_0;
    %inv;
    %flag_set/vec4 9;
    %flag_get/vec4 9;
    %jmp/0 T_1.2, 9;
    %load/vec4 v0x556fba163740_0;
    %and;
T_1.2;
    %flag_set/vec4 8;
    %jmp/0xz  T_1.0, 8;
    %load/vec4 v0x556fba149370_0;
    %dup/vec4;
    %pushi/vec4 0, 0, 2;
    %cmp/u;
    %jmp/1 T_1.3, 6;
    %dup/vec4;
    %pushi/vec4 1, 0, 2;
    %cmp/u;
    %jmp/1 T_1.4, 6;
    %dup/vec4;
    %pushi/vec4 2, 0, 2;
    %cmp/u;
    %jmp/1 T_1.5, 6;
    %dup/vec4;
    %pushi/vec4 3, 0, 2;
    %cmp/u;
    %jmp/1 T_1.6, 6;
    %jmp T_1.7;
T_1.3 ;
    %pushi/vec4 512, 0, 11;
    %assign/vec4 v0x556fba1639a0_0, 0;
    %pushi/vec4 0, 0, 10;
    %assign/vec4 v0x556fba163a80_0, 0;
    %jmp T_1.7;
T_1.4 ;
    %pushi/vec4 512, 0, 11;
    %assign/vec4 v0x556fba1639a0_0, 0;
    %pushi/vec4 720, 0, 10;
    %assign/vec4 v0x556fba163a80_0, 0;
    %jmp T_1.7;
T_1.5 ;
    %pushi/vec4 0, 0, 11;
    %assign/vec4 v0x556fba1639a0_0, 0;
    %pushi/vec4 384, 0, 10;
    %assign/vec4 v0x556fba163a80_0, 0;
    %jmp T_1.7;
T_1.6 ;
    %pushi/vec4 512, 0, 11;
    %assign/vec4 v0x556fba1639a0_0, 0;
    %pushi/vec4 0, 0, 10;
    %assign/vec4 v0x556fba163a80_0, 0;
    %jmp T_1.7;
T_1.7 ;
    %pop/vec4 1;
    %jmp T_1.1;
T_1.0 ;
    %load/vec4 v0x556fba163400_0;
    %flag_set/vec4 9;
    %flag_get/vec4 9;
    %jmp/0 T_1.10, 9;
    %load/vec4 v0x556fba163740_0;
    %and;
T_1.10;
    %flag_set/vec4 8;
    %jmp/0xz  T_1.8, 8;
    %load/vec4 v0x556fba135b40_0;
    %pad/u 32;
    %cmpi/e 0, 0, 32;
    %flag_get/vec4 4;
    %jmp/0 T_1.13, 4;
    %load/vec4 v0x556fba1638c0_0;
    %pad/u 32;
    %pushi/vec4 0, 0, 32;
    %cmp/e;
    %flag_get/vec4 4;
    %and;
T_1.13;
    %flag_set/vec4 8;
    %jmp/0xz  T_1.11, 8;
    %load/vec4 v0x556fba149370_0;
    %dup/vec4;
    %pushi/vec4 0, 0, 2;
    %cmp/u;
    %jmp/1 T_1.14, 6;
    %dup/vec4;
    %pushi/vec4 1, 0, 2;
    %cmp/u;
    %jmp/1 T_1.15, 6;
    %dup/vec4;
    %pushi/vec4 2, 0, 2;
    %cmp/u;
    %jmp/1 T_1.16, 6;
    %dup/vec4;
    %pushi/vec4 3, 0, 2;
    %cmp/u;
    %jmp/1 T_1.17, 6;
    %jmp T_1.18;
T_1.14 ;
    %load/vec4 v0x556fba163a80_0;
    %addi 4, 0, 10;
    %assign/vec4 v0x556fba163a80_0, 0;
    %jmp T_1.18;
T_1.15 ;
    %load/vec4 v0x556fba163a80_0;
    %subi 4, 0, 10;
    %assign/vec4 v0x556fba163a80_0, 0;
    %jmp T_1.18;
T_1.16 ;
    %load/vec4 v0x556fba1639a0_0;
    %addi 4, 0, 11;
    %assign/vec4 v0x556fba1639a0_0, 0;
    %jmp T_1.18;
T_1.17 ;
    %load/vec4 v0x556fba163a80_0;
    %addi 4, 0, 10;
    %assign/vec4 v0x556fba163a80_0, 0;
    %jmp T_1.18;
T_1.18 ;
    %pop/vec4 1;
T_1.11 ;
T_1.8 ;
T_1.1 ;
    %load/vec4 v0x556fba163740_0;
    %assign/vec4 v0x556fba163400_0, 0;
    %jmp T_1;
    .thread T_1;
    .scope S_0x556fba163d00;
T_2 ;
    %wait E_0x556fba119020;
    %load/vec4 v0x556fba164650_0;
    %inv;
    %flag_set/vec4 9;
    %flag_get/vec4 9;
    %jmp/0 T_2.2, 9;
    %load/vec4 v0x556fba164980_0;
    %and;
T_2.2;
    %flag_set/vec4 8;
    %jmp/0xz  T_2.0, 8;
    %load/vec4 v0x556fba164400_0;
    %dup/vec4;
    %pushi/vec4 0, 0, 2;
    %cmp/u;
    %jmp/1 T_2.3, 6;
    %dup/vec4;
    %pushi/vec4 1, 0, 2;
    %cmp/u;
    %jmp/1 T_2.4, 6;
    %dup/vec4;
    %pushi/vec4 2, 0, 2;
    %cmp/u;
    %jmp/1 T_2.5, 6;
    %dup/vec4;
    %pushi/vec4 3, 0, 2;
    %cmp/u;
    %jmp/1 T_2.6, 6;
    %jmp T_2.7;
T_2.3 ;
    %pushi/vec4 512, 0, 11;
    %assign/vec4 v0x556fba164bf0_0, 0;
    %pushi/vec4 0, 0, 10;
    %assign/vec4 v0x556fba164cb0_0, 0;
    %jmp T_2.7;
T_2.4 ;
    %pushi/vec4 512, 0, 11;
    %assign/vec4 v0x556fba164bf0_0, 0;
    %pushi/vec4 720, 0, 10;
    %assign/vec4 v0x556fba164cb0_0, 0;
    %jmp T_2.7;
T_2.5 ;
    %pushi/vec4 0, 0, 11;
    %assign/vec4 v0x556fba164bf0_0, 0;
    %pushi/vec4 384, 0, 10;
    %assign/vec4 v0x556fba164cb0_0, 0;
    %jmp T_2.7;
T_2.6 ;
    %pushi/vec4 512, 0, 11;
    %assign/vec4 v0x556fba164bf0_0, 0;
    %pushi/vec4 0, 0, 10;
    %assign/vec4 v0x556fba164cb0_0, 0;
    %jmp T_2.7;
T_2.7 ;
    %pop/vec4 1;
    %jmp T_2.1;
T_2.0 ;
    %load/vec4 v0x556fba164650_0;
    %flag_set/vec4 9;
    %flag_get/vec4 9;
    %jmp/0 T_2.10, 9;
    %load/vec4 v0x556fba164980_0;
    %and;
T_2.10;
    %flag_set/vec4 8;
    %jmp/0xz  T_2.8, 8;
    %load/vec4 v0x556fba1644a0_0;
    %pad/u 32;
    %cmpi/e 0, 0, 32;
    %flag_get/vec4 4;
    %jmp/0 T_2.13, 4;
    %load/vec4 v0x556fba164b00_0;
    %pad/u 32;
    %pushi/vec4 0, 0, 32;
    %cmp/e;
    %flag_get/vec4 4;
    %and;
T_2.13;
    %flag_set/vec4 8;
    %jmp/0xz  T_2.11, 8;
    %load/vec4 v0x556fba164400_0;
    %dup/vec4;
    %pushi/vec4 0, 0, 2;
    %cmp/u;
    %jmp/1 T_2.14, 6;
    %dup/vec4;
    %pushi/vec4 1, 0, 2;
    %cmp/u;
    %jmp/1 T_2.15, 6;
    %dup/vec4;
    %pushi/vec4 2, 0, 2;
    %cmp/u;
    %jmp/1 T_2.16, 6;
    %dup/vec4;
    %pushi/vec4 3, 0, 2;
    %cmp/u;
    %jmp/1 T_2.17, 6;
    %jmp T_2.18;
T_2.14 ;
    %load/vec4 v0x556fba164cb0_0;
    %addi 4, 0, 10;
    %assign/vec4 v0x556fba164cb0_0, 0;
    %jmp T_2.18;
T_2.15 ;
    %load/vec4 v0x556fba164cb0_0;
    %subi 4, 0, 10;
    %assign/vec4 v0x556fba164cb0_0, 0;
    %jmp T_2.18;
T_2.16 ;
    %load/vec4 v0x556fba164bf0_0;
    %addi 4, 0, 11;
    %assign/vec4 v0x556fba164bf0_0, 0;
    %jmp T_2.18;
T_2.17 ;
    %load/vec4 v0x556fba164cb0_0;
    %addi 4, 0, 10;
    %assign/vec4 v0x556fba164cb0_0, 0;
    %jmp T_2.18;
T_2.18 ;
    %pop/vec4 1;
T_2.11 ;
T_2.8 ;
T_2.1 ;
    %load/vec4 v0x556fba164980_0;
    %assign/vec4 v0x556fba164650_0, 0;
    %jmp T_2;
    .thread T_2;
    .scope S_0x556fba164f30;
T_3 ;
    %wait E_0x556fba119020;
    %load/vec4 v0x556fba1659d0_0;
    %inv;
    %flag_set/vec4 9;
    %flag_get/vec4 9;
    %jmp/0 T_3.2, 9;
    %load/vec4 v0x556fba165cf0_0;
    %and;
T_3.2;
    %flag_set/vec4 8;
    %jmp/0xz  T_3.0, 8;
    %load/vec4 v0x556fba1656f0_0;
    %dup/vec4;
    %pushi/vec4 0, 0, 2;
    %cmp/u;
    %jmp/1 T_3.3, 6;
    %dup/vec4;
    %pushi/vec4 1, 0, 2;
    %cmp/u;
    %jmp/1 T_3.4, 6;
    %dup/vec4;
    %pushi/vec4 2, 0, 2;
    %cmp/u;
    %jmp/1 T_3.5, 6;
    %dup/vec4;
    %pushi/vec4 3, 0, 2;
    %cmp/u;
    %jmp/1 T_3.6, 6;
    %jmp T_3.7;
T_3.3 ;
    %pushi/vec4 512, 0, 11;
    %assign/vec4 v0x556fba165f80_0, 0;
    %pushi/vec4 0, 0, 10;
    %assign/vec4 v0x556fba166060_0, 0;
    %jmp T_3.7;
T_3.4 ;
    %pushi/vec4 512, 0, 11;
    %assign/vec4 v0x556fba165f80_0, 0;
    %pushi/vec4 720, 0, 10;
    %assign/vec4 v0x556fba166060_0, 0;
    %jmp T_3.7;
T_3.5 ;
    %pushi/vec4 0, 0, 11;
    %assign/vec4 v0x556fba165f80_0, 0;
    %pushi/vec4 384, 0, 10;
    %assign/vec4 v0x556fba166060_0, 0;
    %jmp T_3.7;
T_3.6 ;
    %pushi/vec4 512, 0, 11;
    %assign/vec4 v0x556fba165f80_0, 0;
    %pushi/vec4 0, 0, 10;
    %assign/vec4 v0x556fba166060_0, 0;
    %jmp T_3.7;
T_3.7 ;
    %pop/vec4 1;
    %jmp T_3.1;
T_3.0 ;
    %load/vec4 v0x556fba1659d0_0;
    %flag_set/vec4 9;
    %flag_get/vec4 9;
    %jmp/0 T_3.10, 9;
    %load/vec4 v0x556fba165cf0_0;
    %and;
T_3.10;
    %flag_set/vec4 8;
    %jmp/0xz  T_3.8, 8;
    %load/vec4 v0x556fba1657b0_0;
    %pad/u 32;
    %cmpi/e 0, 0, 32;
    %flag_get/vec4 4;
    %jmp/0 T_3.13, 4;
    %load/vec4 v0x556fba165e70_0;
    %pad/u 32;
    %pushi/vec4 0, 0, 32;
    %cmp/e;
    %flag_get/vec4 4;
    %and;
T_3.13;
    %flag_set/vec4 8;
    %jmp/0xz  T_3.11, 8;
    %load/vec4 v0x556fba1656f0_0;
    %dup/vec4;
    %pushi/vec4 0, 0, 2;
    %cmp/u;
    %jmp/1 T_3.14, 6;
    %dup/vec4;
    %pushi/vec4 1, 0, 2;
    %cmp/u;
    %jmp/1 T_3.15, 6;
    %dup/vec4;
    %pushi/vec4 2, 0, 2;
    %cmp/u;
    %jmp/1 T_3.16, 6;
    %dup/vec4;
    %pushi/vec4 3, 0, 2;
    %cmp/u;
    %jmp/1 T_3.17, 6;
    %jmp T_3.18;
T_3.14 ;
    %load/vec4 v0x556fba166060_0;
    %addi 4, 0, 10;
    %assign/vec4 v0x556fba166060_0, 0;
    %jmp T_3.18;
T_3.15 ;
    %load/vec4 v0x556fba166060_0;
    %subi 4, 0, 10;
    %assign/vec4 v0x556fba166060_0, 0;
    %jmp T_3.18;
T_3.16 ;
    %load/vec4 v0x556fba165f80_0;
    %addi 4, 0, 11;
    %assign/vec4 v0x556fba165f80_0, 0;
    %jmp T_3.18;
T_3.17 ;
    %load/vec4 v0x556fba166060_0;
    %addi 4, 0, 10;
    %assign/vec4 v0x556fba166060_0, 0;
    %jmp T_3.18;
T_3.18 ;
    %pop/vec4 1;
T_3.11 ;
T_3.8 ;
T_3.1 ;
    %load/vec4 v0x556fba165cf0_0;
    %assign/vec4 v0x556fba1659d0_0, 0;
    %jmp T_3;
    .thread T_3;
    .scope S_0x556fba169460;
T_4 ;
Ewait_1 .event/or E_0x556fba169ac0, E_0x0;
    %wait Ewait_1;
    %load/vec4 v0x556fba169fd0_0;
    %inv;
    %flag_set/vec4 8;
    %jmp/0xz  T_4.0, 8;
    %load/vec4 v0x556fba16a230_0;
    %load/vec4 v0x556fba169d30_0;
    %cmp/u;
    %flag_or 5, 4;
    %flag_get/vec4 5;
    %jmp/0 T_4.3, 5;
    %load/vec4 v0x556fba169d30_0;
    %pad/u 32;
    %load/vec4 v0x556fba16a230_0;
    %pad/u 32;
    %addi 160, 0, 32;
    %cmp/u;
    %flag_get/vec4 5;
    %and;
T_4.3;
    %flag_set/vec4 8;
    %flag_get/vec4 8;
    %jmp/0 T_4.2, 8;
    %load/vec4 v0x556fba16a310_0;
    %load/vec4 v0x556fba16a170_0;
    %cmp/u;
    %flag_or 5, 4;
    %flag_get/vec4 5;
    %jmp/0 T_4.4, 5;
    %load/vec4 v0x556fba16a170_0;
    %pad/u 32;
    %load/vec4 v0x556fba16a310_0;
    %pad/u 32;
    %addi 8, 0, 32;
    %cmp/u;
    %flag_get/vec4 5;
    %and;
T_4.4;
    %and;
T_4.2;
    %store/vec4 v0x556fba169ec0_0, 0, 1;
    %jmp T_4.1;
T_4.0 ;
    %load/vec4 v0x556fba169d30_0;
    %pad/u 32;
    %cmpi/u 432, 0, 32;
    %flag_inv 5; GE is !LT
    %flag_get/vec4 5;
    %jmp/0 T_4.6, 5;
    %load/vec4 v0x556fba169d30_0;
    %pad/u 32;
    %cmpi/u 592, 0, 32;
    %flag_get/vec4 5;
    %and;
T_4.6;
    %flag_set/vec4 8;
    %flag_get/vec4 8;
    %jmp/0 T_4.5, 8;
    %load/vec4 v0x556fba16a170_0;
    %pad/u 32;
    %cmpi/u 304, 0, 32;
    %flag_inv 5; GE is !LT
    %flag_get/vec4 5;
    %jmp/0 T_4.7, 5;
    %load/vec4 v0x556fba16a170_0;
    %pad/u 32;
    %cmpi/u 312, 0, 32;
    %flag_get/vec4 5;
    %and;
T_4.7;
    %and;
T_4.5;
    %store/vec4 v0x556fba169ec0_0, 0, 1;
T_4.1 ;
    %jmp T_4;
    .thread T_4, $push;
    .scope S_0x556fba1672a0;
T_5 ;
Ewait_2 .event/or E_0x556fba0e43c0, E_0x0;
    %wait Ewait_2;
    %load/vec4 v0x556fba167da0_0;
    %inv;
    %flag_set/vec4 8;
    %jmp/0xz  T_5.0, 8;
    %load/vec4 v0x556fba168090_0;
    %load/vec4 v0x556fba167b50_0;
    %cmp/u;
    %flag_or 5, 4;
    %flag_get/vec4 5;
    %jmp/0 T_5.3, 5;
    %load/vec4 v0x556fba167b50_0;
    %pad/u 32;
    %load/vec4 v0x556fba168090_0;
    %pad/u 32;
    %addi 8, 0, 32;
    %cmp/u;
    %flag_get/vec4 5;
    %and;
T_5.3;
    %flag_set/vec4 8;
    %flag_get/vec4 8;
    %jmp/0 T_5.2, 8;
    %load/vec4 v0x556fba168200_0;
    %load/vec4 v0x556fba167f40_0;
    %cmp/u;
    %flag_or 5, 4;
    %flag_get/vec4 5;
    %jmp/0 T_5.4, 5;
    %load/vec4 v0x556fba167f40_0;
    %pad/u 32;
    %load/vec4 v0x556fba168200_0;
    %pad/u 32;
    %addi 160, 0, 32;
    %cmp/u;
    %flag_get/vec4 5;
    %and;
T_5.4;
    %and;
T_5.2;
    %store/vec4 v0x556fba167ce0_0, 0, 1;
    %jmp T_5.1;
T_5.0 ;
    %load/vec4 v0x556fba167b50_0;
    %pad/u 32;
    %cmpi/u 432, 0, 32;
    %flag_inv 5; GE is !LT
    %flag_get/vec4 5;
    %jmp/0 T_5.6, 5;
    %load/vec4 v0x556fba167b50_0;
    %pad/u 32;
    %cmpi/u 440, 0, 32;
    %flag_get/vec4 5;
    %and;
T_5.6;
    %flag_set/vec4 8;
    %flag_get/vec4 8;
    %jmp/0 T_5.5, 8;
    %load/vec4 v0x556fba167f40_0;
    %pad/u 32;
    %cmpi/u 304, 0, 32;
    %flag_inv 5; GE is !LT
    %flag_get/vec4 5;
    %jmp/0 T_5.7, 5;
    %load/vec4 v0x556fba167f40_0;
    %pad/u 32;
    %cmpi/u 464, 0, 32;
    %flag_get/vec4 5;
    %and;
T_5.7;
    %and;
T_5.5;
    %store/vec4 v0x556fba167ce0_0, 0, 1;
T_5.1 ;
    %jmp T_5;
    .thread T_5, $push;
    .scope S_0x556fba168400;
T_6 ;
Ewait_3 .event/or E_0x556fba168a60, E_0x0;
    %wait Ewait_3;
    %load/vec4 v0x556fba168f20_0;
    %inv;
    %flag_set/vec4 8;
    %jmp/0xz  T_6.0, 8;
    %load/vec4 v0x556fba169180_0;
    %load/vec4 v0x556fba168cd0_0;
    %cmp/u;
    %flag_or 5, 4;
    %flag_get/vec4 5;
    %jmp/0 T_6.3, 5;
    %load/vec4 v0x556fba168cd0_0;
    %pad/u 32;
    %load/vec4 v0x556fba169180_0;
    %pad/u 32;
    %addi 8, 0, 32;
    %cmp/u;
    %flag_get/vec4 5;
    %and;
T_6.3;
    %flag_set/vec4 8;
    %flag_get/vec4 8;
    %jmp/0 T_6.2, 8;
    %load/vec4 v0x556fba169260_0;
    %load/vec4 v0x556fba1690c0_0;
    %cmp/u;
    %flag_or 5, 4;
    %flag_get/vec4 5;
    %jmp/0 T_6.4, 5;
    %load/vec4 v0x556fba1690c0_0;
    %pad/u 32;
    %load/vec4 v0x556fba169260_0;
    %pad/u 32;
    %addi 160, 0, 32;
    %cmp/u;
    %flag_get/vec4 5;
    %and;
T_6.4;
    %and;
T_6.2;
    %store/vec4 v0x556fba168e60_0, 0, 1;
    %jmp T_6.1;
T_6.0 ;
    %load/vec4 v0x556fba168cd0_0;
    %pad/u 32;
    %cmpi/u 584, 0, 32;
    %flag_inv 5; GE is !LT
    %flag_get/vec4 5;
    %jmp/0 T_6.6, 5;
    %load/vec4 v0x556fba168cd0_0;
    %pad/u 32;
    %cmpi/u 592, 0, 32;
    %flag_get/vec4 5;
    %and;
T_6.6;
    %flag_set/vec4 8;
    %flag_get/vec4 8;
    %jmp/0 T_6.5, 8;
    %load/vec4 v0x556fba1690c0_0;
    %pad/u 32;
    %cmpi/u 304, 0, 32;
    %flag_inv 5; GE is !LT
    %flag_get/vec4 5;
    %jmp/0 T_6.7, 5;
    %load/vec4 v0x556fba1690c0_0;
    %pad/u 32;
    %cmpi/u 464, 0, 32;
    %flag_get/vec4 5;
    %and;
T_6.7;
    %and;
T_6.5;
    %store/vec4 v0x556fba168e60_0, 0, 1;
T_6.1 ;
    %jmp T_6;
    .thread T_6, $push;
    .scope S_0x556fba1662e0;
T_7 ;
Ewait_4 .event/or E_0x556fba1188c0, E_0x0;
    %wait Ewait_4;
    %load/vec4 v0x556fba166da0_0;
    %inv;
    %flag_set/vec4 8;
    %jmp/0xz  T_7.0, 8;
    %load/vec4 v0x556fba167000_0;
    %load/vec4 v0x556fba166b30_0;
    %cmp/u;
    %flag_or 5, 4;
    %flag_get/vec4 5;
    %jmp/0 T_7.3, 5;
    %load/vec4 v0x556fba166b30_0;
    %pad/u 32;
    %load/vec4 v0x556fba167000_0;
    %pad/u 32;
    %addi 160, 0, 32;
    %cmp/u;
    %flag_get/vec4 5;
    %and;
T_7.3;
    %flag_set/vec4 8;
    %flag_get/vec4 8;
    %jmp/0 T_7.2, 8;
    %load/vec4 v0x556fba1670e0_0;
    %load/vec4 v0x556fba166f40_0;
    %cmp/u;
    %flag_or 5, 4;
    %flag_get/vec4 5;
    %jmp/0 T_7.4, 5;
    %load/vec4 v0x556fba166f40_0;
    %pad/u 32;
    %load/vec4 v0x556fba1670e0_0;
    %pad/u 32;
    %addi 8, 0, 32;
    %cmp/u;
    %flag_get/vec4 5;
    %and;
T_7.4;
    %and;
T_7.2;
    %store/vec4 v0x556fba166c90_0, 0, 1;
    %jmp T_7.1;
T_7.0 ;
    %load/vec4 v0x556fba166b30_0;
    %pad/u 32;
    %cmpi/u 432, 0, 32;
    %flag_inv 5; GE is !LT
    %flag_get/vec4 5;
    %jmp/0 T_7.6, 5;
    %load/vec4 v0x556fba166b30_0;
    %pad/u 32;
    %cmpi/u 592, 0, 32;
    %flag_get/vec4 5;
    %and;
T_7.6;
    %flag_set/vec4 8;
    %flag_get/vec4 8;
    %jmp/0 T_7.5, 8;
    %load/vec4 v0x556fba166f40_0;
    %pad/u 32;
    %cmpi/u 456, 0, 32;
    %flag_inv 5; GE is !LT
    %flag_get/vec4 5;
    %jmp/0 T_7.7, 5;
    %load/vec4 v0x556fba166f40_0;
    %pad/u 32;
    %cmpi/u 464, 0, 32;
    %flag_get/vec4 5;
    %and;
T_7.7;
    %and;
T_7.5;
    %store/vec4 v0x556fba166c90_0, 0, 1;
T_7.1 ;
    %jmp T_7;
    .thread T_7, $push;
    .scope S_0x556fba13be50;
T_8 ;
Ewait_5 .event/or E_0x556fba118560, E_0x0;
    %wait Ewait_5;
    %load/vec4 v0x556fba16cb90_0;
    %flag_set/vec4 8;
    %jmp/0xz  T_8.0, 8;
    %load/vec4 v0x556fba16ce60_0;
    %load/vec4 v0x556fba16d550_0;
    %add;
    %load/vec4 v0x556fba16d210_0;
    %add;
    %load/vec4 v0x556fba16d3b0_0;
    %add;
    %load/vec4 v0x556fba16c580_0;
    %add;
    %load/vec4 v0x556fba16c640_0;
    %add;
    %load/vec4 v0x556fba16c710_0;
    %add;
    %store/vec4 v0x556fba16d760_0, 0, 12;
T_8.0 ;
    %jmp T_8;
    .thread T_8, $push;
    .scope S_0x556fba13be50;
T_9 ;
    %wait E_0x556fba119020;
    %load/vec4 v0x556fba16d900_0;
    %flag_set/vec4 8;
    %jmp/0xz  T_9.0, 8;
    %pushi/vec4 0, 0, 1;
    %assign/vec4 v0x556fba16cb90_0, 0;
    %pushi/vec4 0, 0, 1;
    %assign/vec4 v0x556fba16ccd0_0, 0;
    %pushi/vec4 0, 0, 32;
    %assign/vec4 v0x556fba16db50_0, 0;
    %pushi/vec4 10, 0, 4;
    %assign/vec4 v0x556fba16d6c0_0, 0;
    %pushi/vec4 0, 0, 7;
    %assign/vec4 v0x556fba16c4a0_0, 0;
    %jmp T_9.1;
T_9.0 ;
    %load/vec4 v0x556fba16da90_0;
    %cmpi/e 8, 0, 4;
    %flag_get/vec4 4;
    %jmp/0 T_9.4, 4;
    %load/vec4 v0x556fba16d6c0_0;
    %load/vec4 v0x556fba16da90_0;
    %cmp/ne;
    %flag_get/vec4 4;
    %and;
T_9.4;
    %flag_set/vec4 8;
    %jmp/0xz  T_9.2, 8;
    %pushi/vec4 1, 0, 1;
    %assign/vec4 v0x556fba16cb90_0, 0;
    %pushi/vec4 0, 0, 32;
    %assign/vec4 v0x556fba16db50_0, 0;
    %pushi/vec4 0, 0, 24;
    %assign/vec4 v0x556fba16ca50_0, 0;
T_9.2 ;
    %load/vec4 v0x556fba16cb90_0;
    %pad/u 32;
    %cmpi/e 1, 0, 32;
    %jmp/0xz  T_9.5, 4;
    %load/vec4 v0x556fba16db50_0;
    %addi 1, 0, 32;
    %assign/vec4 v0x556fba16db50_0, 0;
    %load/vec4 v0x556fba16db50_0;
    %ix/load 4, 0, 0;
    %flag_set/imm 4, 0;
    %load/vec4a v0x556fba16dc30, 4;
    %load/vec4 v0x556fba16c4a0_0;
    %part/u 3;
    %pad/u 32;
    %muli 30, 0, 32;
    %cmp/e;
    %jmp/0xz  T_9.7, 4;
    %load/vec4 v0x556fba16ca50_0;
    %parti/s 23, 0, 2;
    %concati/vec4 1, 0, 1;
    %assign/vec4 v0x556fba16ca50_0, 0;
    %load/vec4 v0x556fba16c4a0_0;
    %addi 3, 0, 7;
    %assign/vec4 v0x556fba16c4a0_0, 0;
    %pushi/vec4 0, 0, 32;
    %assign/vec4 v0x556fba16db50_0, 0;
T_9.7 ;
T_9.5 ;
    %load/vec4 v0x556fba16da90_0;
    %assign/vec4 v0x556fba16d6c0_0, 0;
T_9.1 ;
    %jmp T_9;
    .thread T_9;
    .scope S_0x556fba138190;
T_10 ;
    %delay 10000, 0;
    %load/vec4 v0x556fba16ec10_0;
    %nor/r;
    %store/vec4 v0x556fba16ec10_0, 0, 1;
    %jmp T_10;
    .thread T_10;
    .scope S_0x556fba138190;
T_11 ;
    %vpi_call/w 3 37 "$display", "Starting Sim" {0 0 0};
    %vpi_call/w 3 38 "$dumpfile", "enemy.vcd" {0 0 0};
    %vpi_call/w 3 39 "$dumpvars", 32'sb00000000000000000000000000000000, S_0x556fba138190 {0 0 0};
    %pushi/vec4 1, 0, 1;
    %store/vec4 v0x556fba16efc0_0, 0, 1;
    %pushi/vec4 0, 0, 1;
    %store/vec4 v0x556fba16ec10_0, 0, 1;
    %delay 20000, 0;
    %pushi/vec4 0, 0, 1;
    %store/vec4 v0x556fba16efc0_0, 0, 1;
    %fork t_1, S_0x556fba143710;
    %jmp t_0;
    .scope S_0x556fba143710;
t_1 ;
    %pushi/vec4 0, 0, 32;
    %store/vec4 v0x556fba120fe0_0, 0, 32;
T_11.0 ;
    %load/vec4 v0x556fba120fe0_0;
    %cmpi/s 100, 0, 32;
    %jmp/0xz T_11.1, 5;
    %pushi/vec4 513, 0, 11;
    %store/vec4 v0x556fba16edb0_0, 0, 11;
    %pushi/vec4 256, 0, 10;
    %store/vec4 v0x556fba16f200_0, 0, 10;
    %pushi/vec4 8, 0, 4;
    %store/vec4 v0x556fba16f060_0, 0, 4;
    %pushi/vec4 0, 0, 4;
    %store/vec4 v0x556fba16f130_0, 0, 4;
    %pushi/vec4 0, 0, 2;
    %store/vec4 v0x556fba16eef0_0, 0, 2;
    %delay 20000, 0;
    ; show_stmt_assign_vector: Get l-value for compressed += operand
    %load/vec4 v0x556fba120fe0_0;
    %pushi/vec4 1, 0, 32;
    %add;
    %cast2;
    %store/vec4 v0x556fba120fe0_0, 0, 32;
    %jmp T_11.0;
T_11.1 ;
    %end;
    .scope S_0x556fba138190;
t_0 %join;
    %delay 100000, 0;
    %vpi_call/w 3 53 "$display", "Finishing Sim" {0 0 0};
    %vpi_call/w 3 54 "$finish" {0 0 0};
    %end;
    .thread T_11;
# The file index is used to find the file name in the following table.
:file_names 8;
    "N/A";
    "<interactive>";
    "-";
    "sim/enemy_tb.sv";
    "src/enemy.sv";
    "src/arrow.sv";
    "src/block_sprite.sv";
    "src/shield.sv";
