#! /usr/local/bin/vvp
:ivl_version "11.0 (stable)" "(v11_0-132-gb2f2414f4)";
:ivl_delay_selection "TYPICAL";
:vpi_time_precision - 12;
:vpi_module "/usr/local/lib/ivl/system.vpi";
:vpi_module "/usr/local/lib/ivl/vhdl_sys.vpi";
:vpi_module "/usr/local/lib/ivl/vhdl_textio.vpi";
:vpi_module "/usr/local/lib/ivl/v2005_math.vpi";
:vpi_module "/usr/local/lib/ivl/va_math.vpi";
:vpi_module "/usr/local/lib/ivl/v2009.vpi";
S_0x564adc841b90 .scope package, "$unit" "$unit" 2 1;
 .timescale 0 0;
S_0x564adc851b70 .scope module, "shield_tb" "shield_tb" 3 4;
 .timescale -9 -12;
v0x564adc86dd60_0 .var "hcount_in", 10 0;
v0x564adc86de40_0 .net "pixel_out", 11 0, L_0x564adc87eaa0;  1 drivers
v0x564adc86df10_0 .var "rotate_in", 1 0;
v0x564adc86e010_0 .var "vcount_in", 9 0;
S_0x564adc851d00 .scope begin, "$ivl_for_loop0" "$ivl_for_loop0" 3 23, 3 23 0, S_0x564adc851b70;
 .timescale -9 -12;
v0x564adc851e90_0 .var/2s "i", 31 0;
S_0x564adc86ca10 .scope module, "uut" "shield" 3 11, 4 3 0, S_0x564adc851b70;
 .timescale -9 -12;
    .port_info 0 /INPUT 11 "hcount_in";
    .port_info 1 /INPUT 10 "vcount_in";
    .port_info 2 /INPUT 2 "rotate_in";
    .port_info 3 /OUTPUT 12 "pixel_out";
L_0x564adc86e250 .functor AND 1, L_0x564adc86e0e0, L_0x564adc86e340, C4<1>, C4<1>;
L_0x564adc86e6c0 .functor AND 1, L_0x564adc86e500, L_0x564adc86e780, C4<1>, C4<1>;
L_0x564adc86e980 .functor AND 1, L_0x564adc86e250, L_0x564adc86e6c0, C4<1>, C4<1>;
v0x564adc86cca0_0 .net *"_ivl_0", 0 0, L_0x564adc86e0e0;  1 drivers
v0x564adc86cd80_0 .net *"_ivl_10", 9 0, L_0x564adc86e620;  1 drivers
v0x564adc86ce60_0 .net *"_ivl_12", 0 0, L_0x564adc86e780;  1 drivers
v0x564adc86cf30_0 .net *"_ivl_15", 0 0, L_0x564adc86e6c0;  1 drivers
L_0x7f896163f018 .functor BUFT 1, C4<111111111111>, C4<0>, C4<0>, C4<0>;
v0x564adc86cff0_0 .net/2u *"_ivl_18", 11 0, L_0x7f896163f018;  1 drivers
v0x564adc86d120_0 .net *"_ivl_2", 10 0, L_0x564adc86e1b0;  1 drivers
L_0x7f896163f060 .functor BUFT 1, C4<000000000000>, C4<0>, C4<0>, C4<0>;
v0x564adc86d200_0 .net/2u *"_ivl_20", 11 0, L_0x7f896163f060;  1 drivers
v0x564adc86d2e0_0 .net *"_ivl_4", 0 0, L_0x564adc86e340;  1 drivers
v0x564adc86d3a0_0 .net *"_ivl_7", 0 0, L_0x564adc86e250;  1 drivers
v0x564adc86d460_0 .net *"_ivl_8", 0 0, L_0x564adc86e500;  1 drivers
v0x564adc86d520_0 .net "hcount_in", 10 0, v0x564adc86dd60_0;  1 drivers
v0x564adc86d600_0 .var "height", 9 0;
v0x564adc86d6e0_0 .net "in_sprite", 0 0, L_0x564adc86e980;  1 drivers
v0x564adc86d7a0_0 .net "pixel_out", 11 0, L_0x564adc87eaa0;  alias, 1 drivers
v0x564adc86d880_0 .net "rotate_in", 1 0, v0x564adc86df10_0;  1 drivers
v0x564adc86d960_0 .net "vcount_in", 9 0, v0x564adc86e010_0;  1 drivers
v0x564adc86da40_0 .var "width", 10 0;
v0x564adc86db20_0 .var "x", 10 0;
v0x564adc86dc00_0 .var "y", 9 0;
E_0x564adc852c70 .event edge, v0x564adc86d880_0;
L_0x564adc86e0e0 .cmp/ge 11, v0x564adc86dd60_0, v0x564adc86db20_0;
L_0x564adc86e1b0 .arith/sum 11, v0x564adc86db20_0, v0x564adc86da40_0;
L_0x564adc86e340 .cmp/ge 11, L_0x564adc86e1b0, v0x564adc86dd60_0;
L_0x564adc86e500 .cmp/ge 10, v0x564adc86e010_0, v0x564adc86dc00_0;
L_0x564adc86e620 .arith/sum 10, v0x564adc86dc00_0, v0x564adc86d600_0;
L_0x564adc86e780 .cmp/ge 10, L_0x564adc86e620, v0x564adc86e010_0;
L_0x564adc87eaa0 .functor MUXZ 12, L_0x7f896163f060, L_0x7f896163f018, L_0x564adc86e980, C4<>;
    .scope S_0x564adc86ca10;
T_0 ;
Ewait_0 .event/or E_0x564adc852c70, E_0x0;
    %wait Ewait_0;
    %load/vec4 v0x564adc86d880_0;
    %dup/vec4;
    %pushi/vec4 0, 0, 2;
    %cmp/u;
    %jmp/1 T_0.0, 6;
    %dup/vec4;
    %pushi/vec4 1, 0, 2;
    %cmp/u;
    %jmp/1 T_0.1, 6;
    %dup/vec4;
    %pushi/vec4 2, 0, 2;
    %cmp/u;
    %jmp/1 T_0.2, 6;
    %dup/vec4;
    %pushi/vec4 3, 0, 2;
    %cmp/u;
    %jmp/1 T_0.3, 6;
    %jmp T_0.4;
T_0.0 ;
    %pushi/vec4 448, 0, 11;
    %store/vec4 v0x564adc86db20_0, 0, 11;
    %pushi/vec4 320, 0, 10;
    %store/vec4 v0x564adc86dc00_0, 0, 10;
    %pushi/vec4 128, 0, 11;
    %store/vec4 v0x564adc86da40_0, 0, 11;
    %pushi/vec4 4, 0, 10;
    %store/vec4 v0x564adc86d600_0, 0, 10;
    %jmp T_0.4;
T_0.1 ;
    %pushi/vec4 448, 0, 11;
    %store/vec4 v0x564adc86db20_0, 0, 11;
    %pushi/vec4 320, 0, 10;
    %store/vec4 v0x564adc86dc00_0, 0, 10;
    %pushi/vec4 4, 0, 11;
    %store/vec4 v0x564adc86da40_0, 0, 11;
    %pushi/vec4 128, 0, 10;
    %store/vec4 v0x564adc86d600_0, 0, 10;
    %jmp T_0.4;
T_0.2 ;
    %pushi/vec4 568, 0, 11;
    %store/vec4 v0x564adc86db20_0, 0, 11;
    %pushi/vec4 320, 0, 10;
    %store/vec4 v0x564adc86dc00_0, 0, 10;
    %pushi/vec4 4, 0, 11;
    %store/vec4 v0x564adc86da40_0, 0, 11;
    %pushi/vec4 128, 0, 10;
    %store/vec4 v0x564adc86d600_0, 0, 10;
    %jmp T_0.4;
T_0.3 ;
    %pushi/vec4 448, 0, 11;
    %store/vec4 v0x564adc86db20_0, 0, 11;
    %pushi/vec4 440, 0, 10;
    %store/vec4 v0x564adc86dc00_0, 0, 10;
    %pushi/vec4 128, 0, 11;
    %store/vec4 v0x564adc86da40_0, 0, 11;
    %pushi/vec4 4, 0, 10;
    %store/vec4 v0x564adc86d600_0, 0, 10;
    %jmp T_0.4;
T_0.4 ;
    %pop/vec4 1;
    %jmp T_0;
    .thread T_0, $push;
    .scope S_0x564adc851b70;
T_1 ;
    %vpi_call/w 3 19 "$display", "Starting Sim" {0 0 0};
    %vpi_call/w 3 20 "$dumpfile", "shield.vcd" {0 0 0};
    %vpi_call/w 3 21 "$dumpvars", 32'sb00000000000000000000000000000000, S_0x564adc851b70 {0 0 0};
    %fork t_1, S_0x564adc851d00;
    %jmp t_0;
    .scope S_0x564adc851d00;
t_1 ;
    %pushi/vec4 0, 0, 32;
    %store/vec4 v0x564adc851e90_0, 0, 32;
T_1.0 ;
    %load/vec4 v0x564adc851e90_0;
    %cmpi/s 100, 0, 32;
    %jmp/0xz T_1.1, 5;
    %pushi/vec4 0, 0, 11;
    %store/vec4 v0x564adc86dd60_0, 0, 11;
    %pushi/vec4 0, 0, 10;
    %store/vec4 v0x564adc86e010_0, 0, 10;
    %pushi/vec4 0, 0, 2;
    %store/vec4 v0x564adc86df10_0, 0, 2;
    %delay 20000, 0;
    ; show_stmt_assign_vector: Get l-value for compressed += operand
    %load/vec4 v0x564adc851e90_0;
    %pushi/vec4 1, 0, 32;
    %add;
    %cast2;
    %store/vec4 v0x564adc851e90_0, 0, 32;
    %jmp T_1.0;
T_1.1 ;
    %end;
    .scope S_0x564adc851b70;
t_0 %join;
    %vpi_call/w 3 29 "$display", "Finishing Sim" {0 0 0};
    %vpi_call/w 3 30 "$finish" {0 0 0};
    %end;
    .thread T_1;
# The file index is used to find the file name in the following table.
:file_names 5;
    "N/A";
    "<interactive>";
    "-";
    "sim/shield_tb.sv";
    "src/shield.sv";
